2023-01-10 09:10:45,126 - INFO - Log directory: ./libcity/log
2023-01-10 09:10:45,127 - INFO - Begin pipeline, task=traffic_state_pred, model_name=AGCRN, dataset_name=NYCBike, exp_id=50565
2023-01-10 09:10:45,127 - INFO - {'task': 'traffic_state_pred', 'model': 'AGCRN', 'dataset': 'NYCBike', 'saved_model': True, 'train': True, 'seed': 0, 'dataset_class': 'TrafficStateGridDataset', 'executor': 'TrafficStateExecutor', 'evaluator': 'TrafficStateEvaluator', 'embed_dim': 10, 'rnn_units': 64, 'num_layers': 2, 'cheb_order': 2, 'bidir_adj_mx': True, 'scaler': 'standard', 'load_external': False, 'normal_external': False, 'ext_scaler': 'none', 'add_time_in_day': False, 'add_day_in_week': False, 'max_epoch': 100, 'learner': 'adam', 'learning_rate': 0.003, 'lr_decay': False, 'clip_grad_norm': False, 'use_early_stop': True, 'patience': 50, 'batch_size': 32, 'cache_dataset': True, 'num_workers': 1, 'pad_with_last_sample': True, 'train_rate': 0.7, 'eval_rate': 0.1, 'input_window': 19, 'output_window': 1, 'use_row_column': True, 'gpu': True, 'gpu_id': 0, 'train_loss': 'none', 'epoch': 0, 'weight_decay': 0, 'lr_epsilon': 1e-08, 'lr_beta1': 0.9, 'lr_beta2': 0.999, 'lr_alpha': 0.99, 'lr_momentum': 0, 'lr_scheduler': 'multisteplr', 'lr_decay_ratio': 0.1, 'steps': [5, 20, 40, 70], 'step_size': 10, 'lr_T_max': 30, 'lr_eta_min': 0, 'lr_patience': 10, 'lr_threshold': 0.0001, 'max_grad_norm': 1.0, 'log_level': 'INFO', 'log_every': 1, 'load_best_epoch': True, 'hyper_tune': False, 'metrics': ['MAE', 'MAPE', 'MSE', 'RMSE', 'masked_MAE', 'masked_MAPE', 'masked_MSE', 'masked_RMSE', 'R2', 'EVAR'], 'evaluator_mode': 'single', 'save_mode': ['csv'], 'geo': {'including_types': ['Polygon'], 'Polygon': {'row_id': 'num', 'column_id': 'num'}}, 'grid': {'including_types': ['state'], 'state': {'row_id': 16, 'column_id': 8, 'new_flow': 'num', 'end_flow': 'num'}}, 'data_col': ['new_flow', 'end_flow'], 'data_files': ['NYCBIKE20140409'], 'geo_file': 'NYCBIKE20140409', 'output_dim': 2, 'time_intervals': 3600, 'init_weight_inf_or_zero': 'inf', 'set_weight_link_or_dist': 'dist', 'calculate_weight_adj': False, 'weight_adj_epsilon': 0.1, 'device': device(type='cuda', index=0), 'exp_id': 50565}
2023-01-10 09:10:45,137 - INFO - Loaded file NYCBIKE20140409.geo, num_grids=128, grid_size=(16, 8)
2023-01-10 09:10:45,138 - INFO - Generate grid rel file, shape=(128, 128)
2023-01-10 09:10:45,138 - INFO - Loading ./libcity/cache/dataset_cache/grid_based_NYCBike_19_1_0.7_0.1_standard_32_False_False_False_True_True.npz
2023-01-10 09:10:45,560 - INFO - train	x: (3061, 19, 16, 8, 2), y: (3061, 1, 16, 8, 2)
2023-01-10 09:10:45,560 - INFO - eval	x: (437, 19, 16, 8, 2), y: (437, 1, 16, 8, 2)
2023-01-10 09:10:45,561 - INFO - test	x: (875, 19, 16, 8, 2), y: (875, 1, 16, 8, 2)
2023-01-10 09:10:45,644 - INFO - StandardScaler mean: 9.23899494542977, std: 18.095629608758927
2023-01-10 09:10:45,645 - INFO - NoneScaler
2023-01-10 09:10:50,650 - INFO - AGCRN(
  (encoder): AVWDCRNN(
    (dcrnn_cells): ModuleList(
      (0): AGCRNCell(
        (gate): AVWGCN()
        (update): AVWGCN()
      )
      (1): AGCRNCell(
        (gate): AVWGCN()
        (update): AVWGCN()
      )
    )
  )
  (end_conv): Conv2d(1, 2, kernel_size=(1, 64), stride=(1, 1))
)
2023-01-10 09:10:50,653 - INFO - node_embeddings	torch.Size([128, 10])	cuda:0	True
2023-01-10 09:10:50,653 - INFO - encoder.dcrnn_cells.0.gate.weights_pool	torch.Size([10, 2, 66, 128])	cuda:0	True
2023-01-10 09:10:50,653 - INFO - encoder.dcrnn_cells.0.gate.bias_pool	torch.Size([10, 128])	cuda:0	True
2023-01-10 09:10:50,653 - INFO - encoder.dcrnn_cells.0.update.weights_pool	torch.Size([10, 2, 66, 64])	cuda:0	True
2023-01-10 09:10:50,654 - INFO - encoder.dcrnn_cells.0.update.bias_pool	torch.Size([10, 64])	cuda:0	True
2023-01-10 09:10:50,654 - INFO - encoder.dcrnn_cells.1.gate.weights_pool	torch.Size([10, 2, 128, 128])	cuda:0	True
2023-01-10 09:10:50,654 - INFO - encoder.dcrnn_cells.1.gate.bias_pool	torch.Size([10, 128])	cuda:0	True
2023-01-10 09:10:50,654 - INFO - encoder.dcrnn_cells.1.update.weights_pool	torch.Size([10, 2, 128, 64])	cuda:0	True
2023-01-10 09:10:50,654 - INFO - encoder.dcrnn_cells.1.update.bias_pool	torch.Size([10, 64])	cuda:0	True
2023-01-10 09:10:50,654 - INFO - end_conv.weight	torch.Size([2, 1, 1, 64])	cuda:0	True
2023-01-10 09:10:50,654 - INFO - end_conv.bias	torch.Size([2])	cuda:0	True
2023-01-10 09:10:50,654 - INFO - Total parameter numbers: 750210
2023-01-10 09:10:50,654 - INFO - You select `adam` optimizer.
2023-01-10 09:10:50,655 - WARNING - Received none train loss func and will use the loss func defined in the model.
2023-01-10 09:10:50,655 - INFO - Start training ...
2023-01-10 09:10:50,655 - INFO - num_batches:96
2023-01-10 09:11:07,981 - INFO - epoch complete!
2023-01-10 09:11:07,982 - INFO - 17.325340509414673
2023-01-10 09:11:07,982 - INFO - evaluating now!
2023-01-10 09:11:09,175 - INFO - Epoch [0/100] train_loss: 8.5458, val_loss: 5.9833, lr: 0.003000, 18.52s
2023-01-10 09:11:09,193 - INFO - Saved model at 0
2023-01-10 09:11:09,193 - INFO - Val loss decrease from inf to 5.9833, saving to ./libcity/cache/50565/model_cache/AGCRN_NYCBike_epoch0.tar
2023-01-10 09:11:26,578 - INFO - epoch complete!
2023-01-10 09:11:26,579 - INFO - 17.38472580909729
2023-01-10 09:11:26,579 - INFO - evaluating now!
2023-01-10 09:11:27,714 - INFO - Epoch [1/100] train_loss: 5.5091, val_loss: 5.2923, lr: 0.003000, 18.52s
2023-01-10 09:11:27,731 - INFO - Saved model at 1
2023-01-10 09:11:27,731 - INFO - Val loss decrease from 5.9833 to 5.2923, saving to ./libcity/cache/50565/model_cache/AGCRN_NYCBike_epoch1.tar
2023-01-10 09:11:44,762 - INFO - epoch complete!
2023-01-10 09:11:44,763 - INFO - 17.030182361602783
2023-01-10 09:11:44,763 - INFO - evaluating now!
2023-01-10 09:11:46,034 - INFO - Epoch [2/100] train_loss: 5.0238, val_loss: 4.9702, lr: 0.003000, 18.30s
2023-01-10 09:11:46,050 - INFO - Saved model at 2
2023-01-10 09:11:46,050 - INFO - Val loss decrease from 5.2923 to 4.9702, saving to ./libcity/cache/50565/model_cache/AGCRN_NYCBike_epoch2.tar
2023-01-10 09:12:03,399 - INFO - epoch complete!
2023-01-10 09:12:03,401 - INFO - 17.348276376724243
2023-01-10 09:12:03,401 - INFO - evaluating now!
2023-01-10 09:12:04,600 - INFO - Epoch [3/100] train_loss: 4.6668, val_loss: 4.5958, lr: 0.003000, 18.55s
2023-01-10 09:12:04,617 - INFO - Saved model at 3
2023-01-10 09:12:04,617 - INFO - Val loss decrease from 4.9702 to 4.5958, saving to ./libcity/cache/50565/model_cache/AGCRN_NYCBike_epoch3.tar
2023-01-10 09:12:21,891 - INFO - epoch complete!
2023-01-10 09:12:21,892 - INFO - 17.273516178131104
2023-01-10 09:12:21,892 - INFO - evaluating now!
2023-01-10 09:12:23,041 - INFO - Epoch [4/100] train_loss: 4.3942, val_loss: 4.4217, lr: 0.003000, 18.42s
2023-01-10 09:12:23,057 - INFO - Saved model at 4
2023-01-10 09:12:23,058 - INFO - Val loss decrease from 4.5958 to 4.4217, saving to ./libcity/cache/50565/model_cache/AGCRN_NYCBike_epoch4.tar
2023-01-10 09:12:40,217 - INFO - epoch complete!
2023-01-10 09:12:40,219 - INFO - 17.159119129180908
2023-01-10 09:12:40,219 - INFO - evaluating now!
2023-01-10 09:12:41,374 - INFO - Epoch [5/100] train_loss: 4.2954, val_loss: 4.3512, lr: 0.003000, 18.32s
2023-01-10 09:12:41,391 - INFO - Saved model at 5
2023-01-10 09:12:41,391 - INFO - Val loss decrease from 4.4217 to 4.3512, saving to ./libcity/cache/50565/model_cache/AGCRN_NYCBike_epoch5.tar
2023-01-10 09:12:58,225 - INFO - epoch complete!
2023-01-10 09:12:58,226 - INFO - 16.833927631378174
2023-01-10 09:12:58,226 - INFO - evaluating now!
2023-01-10 09:12:59,347 - INFO - Epoch [6/100] train_loss: 4.1625, val_loss: 4.2973, lr: 0.003000, 17.96s
2023-01-10 09:12:59,363 - INFO - Saved model at 6
2023-01-10 09:12:59,363 - INFO - Val loss decrease from 4.3512 to 4.2973, saving to ./libcity/cache/50565/model_cache/AGCRN_NYCBike_epoch6.tar
2023-01-10 09:13:16,438 - INFO - epoch complete!
2023-01-10 09:13:16,439 - INFO - 17.074559211730957
2023-01-10 09:13:16,439 - INFO - evaluating now!
2023-01-10 09:13:17,582 - INFO - Epoch [7/100] train_loss: 4.0611, val_loss: 4.2574, lr: 0.003000, 18.22s
2023-01-10 09:13:17,599 - INFO - Saved model at 7
2023-01-10 09:13:17,599 - INFO - Val loss decrease from 4.2973 to 4.2574, saving to ./libcity/cache/50565/model_cache/AGCRN_NYCBike_epoch7.tar
2023-01-10 09:13:34,907 - INFO - epoch complete!
2023-01-10 09:13:34,907 - INFO - 17.306660890579224
2023-01-10 09:13:34,908 - INFO - evaluating now!
2023-01-10 09:13:36,137 - INFO - Epoch [8/100] train_loss: 4.0377, val_loss: 4.1637, lr: 0.003000, 18.54s
2023-01-10 09:13:36,154 - INFO - Saved model at 8
2023-01-10 09:13:36,154 - INFO - Val loss decrease from 4.2574 to 4.1637, saving to ./libcity/cache/50565/model_cache/AGCRN_NYCBike_epoch8.tar
2023-01-10 09:13:53,074 - INFO - epoch complete!
2023-01-10 09:13:53,075 - INFO - 16.918520212173462
2023-01-10 09:13:53,075 - INFO - evaluating now!
2023-01-10 09:13:54,274 - INFO - Epoch [9/100] train_loss: 3.9707, val_loss: 4.1715, lr: 0.003000, 18.12s
2023-01-10 09:14:11,265 - INFO - epoch complete!
2023-01-10 09:14:11,266 - INFO - 16.990036964416504
2023-01-10 09:14:11,267 - INFO - evaluating now!
2023-01-10 09:14:12,438 - INFO - Epoch [10/100] train_loss: 3.9373, val_loss: 4.1626, lr: 0.003000, 18.16s
2023-01-10 09:14:12,454 - INFO - Saved model at 10
2023-01-10 09:14:12,455 - INFO - Val loss decrease from 4.1637 to 4.1626, saving to ./libcity/cache/50565/model_cache/AGCRN_NYCBike_epoch10.tar
2023-01-10 09:14:29,727 - INFO - epoch complete!
2023-01-10 09:14:29,728 - INFO - 17.271621227264404
2023-01-10 09:14:29,728 - INFO - evaluating now!
2023-01-10 09:14:30,907 - INFO - Epoch [11/100] train_loss: 3.9162, val_loss: 4.1001, lr: 0.003000, 18.45s
2023-01-10 09:14:30,923 - INFO - Saved model at 11
2023-01-10 09:14:30,923 - INFO - Val loss decrease from 4.1626 to 4.1001, saving to ./libcity/cache/50565/model_cache/AGCRN_NYCBike_epoch11.tar
2023-01-10 09:14:48,181 - INFO - epoch complete!
2023-01-10 09:14:48,182 - INFO - 17.25752592086792
2023-01-10 09:14:48,182 - INFO - evaluating now!
2023-01-10 09:14:49,323 - INFO - Epoch [12/100] train_loss: 3.8722, val_loss: 4.1276, lr: 0.003000, 18.40s
2023-01-10 09:15:06,432 - INFO - epoch complete!
2023-01-10 09:15:06,433 - INFO - 17.1076078414917
2023-01-10 09:15:06,433 - INFO - evaluating now!
2023-01-10 09:15:07,639 - INFO - Epoch [13/100] train_loss: 3.8825, val_loss: 4.0802, lr: 0.003000, 18.31s
2023-01-10 09:15:07,655 - INFO - Saved model at 13
2023-01-10 09:15:07,655 - INFO - Val loss decrease from 4.1001 to 4.0802, saving to ./libcity/cache/50565/model_cache/AGCRN_NYCBike_epoch13.tar
2023-01-10 09:15:24,858 - INFO - epoch complete!
2023-01-10 09:15:24,859 - INFO - 17.20279312133789
2023-01-10 09:15:24,859 - INFO - evaluating now!
2023-01-10 09:15:26,129 - INFO - Epoch [14/100] train_loss: 3.8202, val_loss: 4.0458, lr: 0.003000, 18.47s
2023-01-10 09:15:26,146 - INFO - Saved model at 14
2023-01-10 09:15:26,147 - INFO - Val loss decrease from 4.0802 to 4.0458, saving to ./libcity/cache/50565/model_cache/AGCRN_NYCBike_epoch14.tar
2023-01-10 09:15:43,348 - INFO - epoch complete!
2023-01-10 09:15:43,348 - INFO - 17.200621843338013
2023-01-10 09:15:43,348 - INFO - evaluating now!
2023-01-10 09:15:44,575 - INFO - Epoch [15/100] train_loss: 3.7879, val_loss: 4.0318, lr: 0.003000, 18.43s
2023-01-10 09:15:44,591 - INFO - Saved model at 15
2023-01-10 09:15:44,592 - INFO - Val loss decrease from 4.0458 to 4.0318, saving to ./libcity/cache/50565/model_cache/AGCRN_NYCBike_epoch15.tar
2023-01-10 09:16:01,559 - INFO - epoch complete!
2023-01-10 09:16:01,561 - INFO - 16.966731548309326
2023-01-10 09:16:01,561 - INFO - evaluating now!
2023-01-10 09:16:02,847 - INFO - Epoch [16/100] train_loss: 3.7560, val_loss: 4.0031, lr: 0.003000, 18.25s
2023-01-10 09:16:02,863 - INFO - Saved model at 16
2023-01-10 09:16:02,863 - INFO - Val loss decrease from 4.0318 to 4.0031, saving to ./libcity/cache/50565/model_cache/AGCRN_NYCBike_epoch16.tar
2023-01-10 09:16:19,616 - INFO - epoch complete!
2023-01-10 09:16:19,618 - INFO - 16.752341270446777
2023-01-10 09:16:19,618 - INFO - evaluating now!
2023-01-10 09:16:20,786 - INFO - Epoch [17/100] train_loss: 3.7440, val_loss: 4.0047, lr: 0.003000, 17.92s
2023-01-10 09:16:37,614 - INFO - epoch complete!
2023-01-10 09:16:37,616 - INFO - 16.82596755027771
2023-01-10 09:16:37,616 - INFO - evaluating now!
2023-01-10 09:16:38,852 - INFO - Epoch [18/100] train_loss: 3.7072, val_loss: 4.0926, lr: 0.003000, 18.06s
2023-01-10 09:16:55,780 - INFO - epoch complete!
2023-01-10 09:16:55,782 - INFO - 16.926173448562622
2023-01-10 09:16:55,782 - INFO - evaluating now!
2023-01-10 09:16:56,918 - INFO - Epoch [19/100] train_loss: 3.7321, val_loss: 4.0777, lr: 0.003000, 18.06s
2023-01-10 09:17:13,816 - INFO - epoch complete!
2023-01-10 09:17:13,817 - INFO - 16.897428274154663
2023-01-10 09:17:13,817 - INFO - evaluating now!
2023-01-10 09:17:15,000 - INFO - Epoch [20/100] train_loss: 3.7132, val_loss: 3.9718, lr: 0.003000, 18.08s
2023-01-10 09:17:15,017 - INFO - Saved model at 20
2023-01-10 09:17:15,017 - INFO - Val loss decrease from 4.0031 to 3.9718, saving to ./libcity/cache/50565/model_cache/AGCRN_NYCBike_epoch20.tar
2023-01-10 09:17:32,256 - INFO - epoch complete!
2023-01-10 09:17:32,257 - INFO - 17.23830771446228
2023-01-10 09:17:32,257 - INFO - evaluating now!
2023-01-10 09:17:33,499 - INFO - Epoch [21/100] train_loss: 3.6828, val_loss: 4.0203, lr: 0.003000, 18.48s
2023-01-10 09:17:50,914 - INFO - epoch complete!
2023-01-10 09:17:50,914 - INFO - 17.412763595581055
2023-01-10 09:17:50,914 - INFO - evaluating now!
2023-01-10 09:17:52,077 - INFO - Epoch [22/100] train_loss: 3.6577, val_loss: 4.0144, lr: 0.003000, 18.58s
2023-01-10 09:18:09,203 - INFO - epoch complete!
2023-01-10 09:18:09,205 - INFO - 17.12479043006897
2023-01-10 09:18:09,205 - INFO - evaluating now!
2023-01-10 09:18:10,393 - INFO - Epoch [23/100] train_loss: 3.6346, val_loss: 4.0095, lr: 0.003000, 18.31s
2023-01-10 09:18:27,521 - INFO - epoch complete!
2023-01-10 09:18:27,521 - INFO - 17.12716579437256
2023-01-10 09:18:27,522 - INFO - evaluating now!
2023-01-10 09:18:28,737 - INFO - Epoch [24/100] train_loss: 3.6311, val_loss: 4.0059, lr: 0.003000, 18.34s
2023-01-10 09:18:45,811 - INFO - epoch complete!
2023-01-10 09:18:45,812 - INFO - 17.07277250289917
2023-01-10 09:18:45,812 - INFO - evaluating now!
2023-01-10 09:18:46,896 - INFO - Epoch [25/100] train_loss: 3.6148, val_loss: 3.9839, lr: 0.003000, 18.16s
2023-01-10 09:19:03,939 - INFO - epoch complete!
2023-01-10 09:19:03,943 - INFO - 17.0418598651886
2023-01-10 09:19:03,943 - INFO - evaluating now!
2023-01-10 09:19:05,289 - INFO - Epoch [26/100] train_loss: 3.6238, val_loss: 4.0019, lr: 0.003000, 18.39s
