2023-02-07 02:51:30,250 - INFO - Log directory: ./libcity/log
2023-02-07 02:51:30,250 - INFO - Begin pipeline, task=traffic_state_pred, model_name=STSGCN, dataset_name=NYCBike, exp_id=60887
2023-02-07 02:51:30,250 - INFO - {'task': 'traffic_state_pred', 'model': 'STSGCN', 'dataset': 'NYCBike', 'saved_model': True, 'train': True, 'seed': 0, 'dataset_class': 'TrafficStateGridDataset', 'executor': 'TrafficStateExecutor', 'evaluator': 'TrafficStateEvaluator', 'module_type': 'individual', 'act_type': 'GLU', 'temporal_emb': True, 'spatial_emb': True, 'use_mask': False, 'first_layer_embedding_size': 64, 'filters': [[64, 64, 64], [64, 64, 64], [64, 64, 64], [64, 64, 64]], 'rho': 1, 'bidir_adj_mx': True, 'batch_size': 32, 'distance_inverse': True, 'scaler': 'standard', 'load_external': True, 'normal_external': False, 'ext_scaler': 'none', 'add_time_in_day': True, 'add_day_in_week': False, 'max_epoch': 100, 'learner': 'adam', 'learning_rate': 0.001, 'lr_decay': False, 'lr_scheduler': 'multisteplr', 'lr_decay_ratio': 0.1, 'steps': [5, 20, 40, 70], 'clip_grad_norm': False, 'use_early_stop': True, 'patience': 50, 'cache_dataset': True, 'num_workers': 1, 'pad_with_last_sample': True, 'train_rate': 0.7, 'eval_rate': 0.1, 'input_window': 19, 'output_window': 1, 'use_row_column': True, 'gpu': True, 'gpu_id': 0, 'train_loss': 'none', 'epoch': 0, 'weight_decay': 0, 'lr_epsilon': 1e-08, 'lr_beta1': 0.9, 'lr_beta2': 0.999, 'lr_alpha': 0.99, 'lr_momentum': 0, 'step_size': 10, 'lr_T_max': 30, 'lr_eta_min': 0, 'lr_patience': 10, 'lr_threshold': 0.0001, 'max_grad_norm': 1.0, 'log_level': 'INFO', 'log_every': 1, 'load_best_epoch': True, 'hyper_tune': False, 'metrics': ['MAE', 'MAPE', 'MSE', 'RMSE', 'masked_MAE', 'masked_MAPE', 'masked_MSE', 'masked_RMSE', 'R2', 'EVAR'], 'evaluator_mode': 'single', 'save_mode': ['csv'], 'geo': {'including_types': ['Polygon'], 'Polygon': {'row_id': 'num', 'column_id': 'num'}}, 'grid': {'including_types': ['state'], 'state': {'row_id': 16, 'column_id': 8, 'new_flow': 'num', 'end_flow': 'num'}}, 'data_col': ['new_flow', 'end_flow'], 'data_files': ['NYCBIKE20140409'], 'geo_file': 'NYCBIKE20140409', 'output_dim': 2, 'time_intervals': 3600, 'init_weight_inf_or_zero': 'inf', 'set_weight_link_or_dist': 'dist', 'calculate_weight_adj': False, 'weight_adj_epsilon': 0.1, 'device': device(type='cuda', index=0), 'exp_id': 60887}
2023-02-07 02:51:30,264 - INFO - Loaded file NYCBIKE20140409.geo, num_grids=128, grid_size=(16, 8)
2023-02-07 02:51:30,266 - INFO - Generate grid rel file, shape=(128, 128)
2023-02-07 02:51:30,267 - INFO - Loading ./libcity/cache/dataset_cache/grid_based_NYCBike_19_1_0.7_0.1_standard_32_True_True_False_True_True.npz
2023-02-07 02:51:30,863 - INFO - train	x: (3061, 19, 16, 8, 3), y: (3061, 1, 16, 8, 3)
2023-02-07 02:51:30,863 - INFO - eval	x: (437, 19, 16, 8, 3), y: (437, 1, 16, 8, 3)
2023-02-07 02:51:30,863 - INFO - test	x: (875, 19, 16, 8, 3), y: (875, 1, 16, 8, 3)
2023-02-07 02:51:31,059 - INFO - StandardScaler mean: 9.23899494542977, std: 18.095629608758927
2023-02-07 02:51:31,059 - INFO - NoneScaler
2023-02-07 02:51:33,077 - INFO - STSGCN(
  (first_layer_embedding): Linear(in_features=3, out_features=64, bias=True)
  (stsgcl_layers): ModuleList(
    (0): STSGCL(
      (layer): STSGCNLayerIndividual(
        (position_embedding): PositionEmbedding()
        (gcms): ModuleList(
          (0): Stsgcm(
            (layers): ModuleList(
              (0): GcnOperation(
                (layer): Linear(in_features=64, out_features=128, bias=True)
              )
              (1): GcnOperation(
                (layer): Linear(in_features=64, out_features=128, bias=True)
              )
              (2): GcnOperation(
                (layer): Linear(in_features=64, out_features=128, bias=True)
              )
            )
          )
          (1): Stsgcm(
            (layers): ModuleList(
              (0): GcnOperation(
                (layer): Linear(in_features=64, out_features=128, bias=True)
              )
              (1): GcnOperation(
                (layer): Linear(in_features=64, out_features=128, bias=True)
              )
              (2): GcnOperation(
                (layer): Linear(in_features=64, out_features=128, bias=True)
              )
            )
          )
          (2): Stsgcm(
            (layers): ModuleList(
              (0): GcnOperation(
                (layer): Linear(in_features=64, out_features=128, bias=True)
              )
              (1): GcnOperation(
                (layer): Linear(in_features=64, out_features=128, bias=True)
              )
              (2): GcnOperation(
                (layer): Linear(in_features=64, out_features=128, bias=True)
              )
            )
          )
          (3): Stsgcm(
            (layers): ModuleList(
              (0): GcnOperation(
                (layer): Linear(in_features=64, out_features=128, bias=True)
              )
              (1): GcnOperation(
                (layer): Linear(in_features=64, out_features=128, bias=True)
              )
              (2): GcnOperation(
                (layer): Linear(in_features=64, out_features=128, bias=True)
              )
            )
          )
          (4): Stsgcm(
            (layers): ModuleList(
              (0): GcnOperation(
                (layer): Linear(in_features=64, out_features=128, bias=True)
              )
              (1): GcnOperation(
                (layer): Linear(in_features=64, out_features=128, bias=True)
              )
              (2): GcnOperation(
                (layer): Linear(in_features=64, out_features=128, bias=True)
              )
            )
          )
          (5): Stsgcm(
            (layers): ModuleList(
              (0): GcnOperation(
                (layer): Linear(in_features=64, out_features=128, bias=True)
              )
              (1): GcnOperation(
                (layer): Linear(in_features=64, out_features=128, bias=True)
              )
              (2): GcnOperation(
                (layer): Linear(in_features=64, out_features=128, bias=True)
              )
            )
          )
          (6): Stsgcm(
            (layers): ModuleList(
              (0): GcnOperation(
                (layer): Linear(in_features=64, out_features=128, bias=True)
              )
              (1): GcnOperation(
                (layer): Linear(in_features=64, out_features=128, bias=True)
              )
              (2): GcnOperation(
                (layer): Linear(in_features=64, out_features=128, bias=True)
              )
            )
          )
          (7): Stsgcm(
            (layers): ModuleList(
              (0): GcnOperation(
                (layer): Linear(in_features=64, out_features=128, bias=True)
              )
              (1): GcnOperation(
                (layer): Linear(in_features=64, out_features=128, bias=True)
              )
              (2): GcnOperation(
                (layer): Linear(in_features=64, out_features=128, bias=True)
              )
            )
          )
          (8): Stsgcm(
            (layers): ModuleList(
              (0): GcnOperation(
                (layer): Linear(in_features=64, out_features=128, bias=True)
              )
              (1): GcnOperation(
                (layer): Linear(in_features=64, out_features=128, bias=True)
              )
              (2): GcnOperation(
                (layer): Linear(in_features=64, out_features=128, bias=True)
              )
            )
          )
          (9): Stsgcm(
            (layers): ModuleList(
              (0): GcnOperation(
                (layer): Linear(in_features=64, out_features=128, bias=True)
              )
              (1): GcnOperation(
                (layer): Linear(in_features=64, out_features=128, bias=True)
              )
              (2): GcnOperation(
                (layer): Linear(in_features=64, out_features=128, bias=True)
              )
            )
          )
          (10): Stsgcm(
            (layers): ModuleList(
              (0): GcnOperation(
                (layer): Linear(in_features=64, out_features=128, bias=True)
              )
              (1): GcnOperation(
                (layer): Linear(in_features=64, out_features=128, bias=True)
              )
              (2): GcnOperation(
                (layer): Linear(in_features=64, out_features=128, bias=True)
              )
            )
          )
          (11): Stsgcm(
            (layers): ModuleList(
              (0): GcnOperation(
                (layer): Linear(in_features=64, out_features=128, bias=True)
              )
              (1): GcnOperation(
                (layer): Linear(in_features=64, out_features=128, bias=True)
              )
              (2): GcnOperation(
                (layer): Linear(in_features=64, out_features=128, bias=True)
              )
            )
          )
          (12): Stsgcm(
            (layers): ModuleList(
              (0): GcnOperation(
                (layer): Linear(in_features=64, out_features=128, bias=True)
              )
              (1): GcnOperation(
                (layer): Linear(in_features=64, out_features=128, bias=True)
              )
              (2): GcnOperation(
                (layer): Linear(in_features=64, out_features=128, bias=True)
              )
            )
          )
          (13): Stsgcm(
            (layers): ModuleList(
              (0): GcnOperation(
                (layer): Linear(in_features=64, out_features=128, bias=True)
              )
              (1): GcnOperation(
                (layer): Linear(in_features=64, out_features=128, bias=True)
              )
              (2): GcnOperation(
                (layer): Linear(in_features=64, out_features=128, bias=True)
              )
            )
          )
          (14): Stsgcm(
            (layers): ModuleList(
              (0): GcnOperation(
                (layer): Linear(in_features=64, out_features=128, bias=True)
              )
              (1): GcnOperation(
                (layer): Linear(in_features=64, out_features=128, bias=True)
              )
              (2): GcnOperation(
                (layer): Linear(in_features=64, out_features=128, bias=True)
              )
            )
          )
          (15): Stsgcm(
            (layers): ModuleList(
              (0): GcnOperation(
                (layer): Linear(in_features=64, out_features=128, bias=True)
              )
              (1): GcnOperation(
                (layer): Linear(in_features=64, out_features=128, bias=True)
              )
              (2): GcnOperation(
                (layer): Linear(in_features=64, out_features=128, bias=True)
              )
            )
          )
          (16): Stsgcm(
            (layers): ModuleList(
              (0): GcnOperation(
                (layer): Linear(in_features=64, out_features=128, bias=True)
              )
              (1): GcnOperation(
                (layer): Linear(in_features=64, out_features=128, bias=True)
              )
              (2): GcnOperation(
                (layer): Linear(in_features=64, out_features=128, bias=True)
              )
            )
          )
        )
      )
    )
    (1): STSGCL(
      (layer): STSGCNLayerIndividual(
        (position_embedding): PositionEmbedding()
        (gcms): ModuleList(
          (0): Stsgcm(
            (layers): ModuleList(
              (0): GcnOperation(
                (layer): Linear(in_features=64, out_features=128, bias=True)
              )
              (1): GcnOperation(
                (layer): Linear(in_features=64, out_features=128, bias=True)
              )
              (2): GcnOperation(
                (layer): Linear(in_features=64, out_features=128, bias=True)
              )
            )
          )
          (1): Stsgcm(
            (layers): ModuleList(
              (0): GcnOperation(
                (layer): Linear(in_features=64, out_features=128, bias=True)
              )
              (1): GcnOperation(
                (layer): Linear(in_features=64, out_features=128, bias=True)
              )
              (2): GcnOperation(
                (layer): Linear(in_features=64, out_features=128, bias=True)
              )
            )
          )
          (2): Stsgcm(
            (layers): ModuleList(
              (0): GcnOperation(
                (layer): Linear(in_features=64, out_features=128, bias=True)
              )
              (1): GcnOperation(
                (layer): Linear(in_features=64, out_features=128, bias=True)
              )
              (2): GcnOperation(
                (layer): Linear(in_features=64, out_features=128, bias=True)
              )
            )
          )
          (3): Stsgcm(
            (layers): ModuleList(
              (0): GcnOperation(
                (layer): Linear(in_features=64, out_features=128, bias=True)
              )
              (1): GcnOperation(
                (layer): Linear(in_features=64, out_features=128, bias=True)
              )
              (2): GcnOperation(
                (layer): Linear(in_features=64, out_features=128, bias=True)
              )
            )
          )
          (4): Stsgcm(
            (layers): ModuleList(
              (0): GcnOperation(
                (layer): Linear(in_features=64, out_features=128, bias=True)
              )
              (1): GcnOperation(
                (layer): Linear(in_features=64, out_features=128, bias=True)
              )
              (2): GcnOperation(
                (layer): Linear(in_features=64, out_features=128, bias=True)
              )
            )
          )
          (5): Stsgcm(
            (layers): ModuleList(
              (0): GcnOperation(
                (layer): Linear(in_features=64, out_features=128, bias=True)
              )
              (1): GcnOperation(
                (layer): Linear(in_features=64, out_features=128, bias=True)
              )
              (2): GcnOperation(
                (layer): Linear(in_features=64, out_features=128, bias=True)
              )
            )
          )
          (6): Stsgcm(
            (layers): ModuleList(
              (0): GcnOperation(
                (layer): Linear(in_features=64, out_features=128, bias=True)
              )
              (1): GcnOperation(
                (layer): Linear(in_features=64, out_features=128, bias=True)
              )
              (2): GcnOperation(
                (layer): Linear(in_features=64, out_features=128, bias=True)
              )
            )
          )
          (7): Stsgcm(
            (layers): ModuleList(
              (0): GcnOperation(
                (layer): Linear(in_features=64, out_features=128, bias=True)
              )
              (1): GcnOperation(
                (layer): Linear(in_features=64, out_features=128, bias=True)
              )
              (2): GcnOperation(
                (layer): Linear(in_features=64, out_features=128, bias=True)
              )
            )
          )
          (8): Stsgcm(
            (layers): ModuleList(
              (0): GcnOperation(
                (layer): Linear(in_features=64, out_features=128, bias=True)
              )
              (1): GcnOperation(
                (layer): Linear(in_features=64, out_features=128, bias=True)
              )
              (2): GcnOperation(
                (layer): Linear(in_features=64, out_features=128, bias=True)
              )
            )
          )
          (9): Stsgcm(
            (layers): ModuleList(
              (0): GcnOperation(
                (layer): Linear(in_features=64, out_features=128, bias=True)
              )
              (1): GcnOperation(
                (layer): Linear(in_features=64, out_features=128, bias=True)
              )
              (2): GcnOperation(
                (layer): Linear(in_features=64, out_features=128, bias=True)
              )
            )
          )
          (10): Stsgcm(
            (layers): ModuleList(
              (0): GcnOperation(
                (layer): Linear(in_features=64, out_features=128, bias=True)
              )
              (1): GcnOperation(
                (layer): Linear(in_features=64, out_features=128, bias=True)
              )
              (2): GcnOperation(
                (layer): Linear(in_features=64, out_features=128, bias=True)
              )
            )
          )
          (11): Stsgcm(
            (layers): ModuleList(
              (0): GcnOperation(
                (layer): Linear(in_features=64, out_features=128, bias=True)
              )
              (1): GcnOperation(
                (layer): Linear(in_features=64, out_features=128, bias=True)
              )
              (2): GcnOperation(
                (layer): Linear(in_features=64, out_features=128, bias=True)
              )
            )
          )
          (12): Stsgcm(
            (layers): ModuleList(
              (0): GcnOperation(
                (layer): Linear(in_features=64, out_features=128, bias=True)
              )
              (1): GcnOperation(
                (layer): Linear(in_features=64, out_features=128, bias=True)
              )
              (2): GcnOperation(
                (layer): Linear(in_features=64, out_features=128, bias=True)
              )
            )
          )
          (13): Stsgcm(
            (layers): ModuleList(
              (0): GcnOperation(
                (layer): Linear(in_features=64, out_features=128, bias=True)
              )
              (1): GcnOperation(
                (layer): Linear(in_features=64, out_features=128, bias=True)
              )
              (2): GcnOperation(
                (layer): Linear(in_features=64, out_features=128, bias=True)
              )
            )
          )
          (14): Stsgcm(
            (layers): ModuleList(
              (0): GcnOperation(
                (layer): Linear(in_features=64, out_features=128, bias=True)
              )
              (1): GcnOperation(
                (layer): Linear(in_features=64, out_features=128, bias=True)
              )
              (2): GcnOperation(
                (layer): Linear(in_features=64, out_features=128, bias=True)
              )
            )
          )
        )
      )
    )
    (2): STSGCL(
      (layer): STSGCNLayerIndividual(
        (position_embedding): PositionEmbedding()
        (gcms): ModuleList(
          (0): Stsgcm(
            (layers): ModuleList(
              (0): GcnOperation(
                (layer): Linear(in_features=64, out_features=128, bias=True)
              )
              (1): GcnOperation(
                (layer): Linear(in_features=64, out_features=128, bias=True)
              )
              (2): GcnOperation(
                (layer): Linear(in_features=64, out_features=128, bias=True)
              )
            )
          )
          (1): Stsgcm(
            (layers): ModuleList(
              (0): GcnOperation(
                (layer): Linear(in_features=64, out_features=128, bias=True)
              )
              (1): GcnOperation(
                (layer): Linear(in_features=64, out_features=128, bias=True)
              )
              (2): GcnOperation(
                (layer): Linear(in_features=64, out_features=128, bias=True)
              )
            )
          )
          (2): Stsgcm(
            (layers): ModuleList(
              (0): GcnOperation(
                (layer): Linear(in_features=64, out_features=128, bias=True)
              )
              (1): GcnOperation(
                (layer): Linear(in_features=64, out_features=128, bias=True)
              )
              (2): GcnOperation(
                (layer): Linear(in_features=64, out_features=128, bias=True)
              )
            )
          )
          (3): Stsgcm(
            (layers): ModuleList(
              (0): GcnOperation(
                (layer): Linear(in_features=64, out_features=128, bias=True)
              )
              (1): GcnOperation(
                (layer): Linear(in_features=64, out_features=128, bias=True)
              )
              (2): GcnOperation(
                (layer): Linear(in_features=64, out_features=128, bias=True)
              )
            )
          )
          (4): Stsgcm(
            (layers): ModuleList(
              (0): GcnOperation(
                (layer): Linear(in_features=64, out_features=128, bias=True)
              )
              (1): GcnOperation(
                (layer): Linear(in_features=64, out_features=128, bias=True)
              )
              (2): GcnOperation(
                (layer): Linear(in_features=64, out_features=128, bias=True)
              )
            )
          )
          (5): Stsgcm(
            (layers): ModuleList(
              (0): GcnOperation(
                (layer): Linear(in_features=64, out_features=128, bias=True)
              )
              (1): GcnOperation(
                (layer): Linear(in_features=64, out_features=128, bias=True)
              )
              (2): GcnOperation(
                (layer): Linear(in_features=64, out_features=128, bias=True)
              )
            )
          )
          (6): Stsgcm(
            (layers): ModuleList(
              (0): GcnOperation(
                (layer): Linear(in_features=64, out_features=128, bias=True)
              )
              (1): GcnOperation(
                (layer): Linear(in_features=64, out_features=128, bias=True)
              )
              (2): GcnOperation(
                (layer): Linear(in_features=64, out_features=128, bias=True)
              )
            )
          )
          (7): Stsgcm(
            (layers): ModuleList(
              (0): GcnOperation(
                (layer): Linear(in_features=64, out_features=128, bias=True)
              )
              (1): GcnOperation(
                (layer): Linear(in_features=64, out_features=128, bias=True)
              )
              (2): GcnOperation(
                (layer): Linear(in_features=64, out_features=128, bias=True)
              )
            )
          )
          (8): Stsgcm(
            (layers): ModuleList(
              (0): GcnOperation(
                (layer): Linear(in_features=64, out_features=128, bias=True)
              )
              (1): GcnOperation(
                (layer): Linear(in_features=64, out_features=128, bias=True)
              )
              (2): GcnOperation(
                (layer): Linear(in_features=64, out_features=128, bias=True)
              )
            )
          )
          (9): Stsgcm(
            (layers): ModuleList(
              (0): GcnOperation(
                (layer): Linear(in_features=64, out_features=128, bias=True)
              )
              (1): GcnOperation(
                (layer): Linear(in_features=64, out_features=128, bias=True)
              )
              (2): GcnOperation(
                (layer): Linear(in_features=64, out_features=128, bias=True)
              )
            )
          )
          (10): Stsgcm(
            (layers): ModuleList(
              (0): GcnOperation(
                (layer): Linear(in_features=64, out_features=128, bias=True)
              )
              (1): GcnOperation(
                (layer): Linear(in_features=64, out_features=128, bias=True)
              )
              (2): GcnOperation(
                (layer): Linear(in_features=64, out_features=128, bias=True)
              )
            )
          )
          (11): Stsgcm(
            (layers): ModuleList(
              (0): GcnOperation(
                (layer): Linear(in_features=64, out_features=128, bias=True)
              )
              (1): GcnOperation(
                (layer): Linear(in_features=64, out_features=128, bias=True)
              )
              (2): GcnOperation(
                (layer): Linear(in_features=64, out_features=128, bias=True)
              )
            )
          )
          (12): Stsgcm(
            (layers): ModuleList(
              (0): GcnOperation(
                (layer): Linear(in_features=64, out_features=128, bias=True)
              )
              (1): GcnOperation(
                (layer): Linear(in_features=64, out_features=128, bias=True)
              )
              (2): GcnOperation(
                (layer): Linear(in_features=64, out_features=128, bias=True)
              )
            )
          )
        )
      )
    )
    (3): STSGCL(
      (layer): STSGCNLayerIndividual(
        (position_embedding): PositionEmbedding()
        (gcms): ModuleList(
          (0): Stsgcm(
            (layers): ModuleList(
              (0): GcnOperation(
                (layer): Linear(in_features=64, out_features=128, bias=True)
              )
              (1): GcnOperation(
                (layer): Linear(in_features=64, out_features=128, bias=True)
              )
              (2): GcnOperation(
                (layer): Linear(in_features=64, out_features=128, bias=True)
              )
            )
          )
          (1): Stsgcm(
            (layers): ModuleList(
              (0): GcnOperation(
                (layer): Linear(in_features=64, out_features=128, bias=True)
              )
              (1): GcnOperation(
                (layer): Linear(in_features=64, out_features=128, bias=True)
              )
              (2): GcnOperation(
                (layer): Linear(in_features=64, out_features=128, bias=True)
              )
            )
          )
          (2): Stsgcm(
            (layers): ModuleList(
              (0): GcnOperation(
                (layer): Linear(in_features=64, out_features=128, bias=True)
              )
              (1): GcnOperation(
                (layer): Linear(in_features=64, out_features=128, bias=True)
              )
              (2): GcnOperation(
                (layer): Linear(in_features=64, out_features=128, bias=True)
              )
            )
          )
          (3): Stsgcm(
            (layers): ModuleList(
              (0): GcnOperation(
                (layer): Linear(in_features=64, out_features=128, bias=True)
              )
              (1): GcnOperation(
                (layer): Linear(in_features=64, out_features=128, bias=True)
              )
              (2): GcnOperation(
                (layer): Linear(in_features=64, out_features=128, bias=True)
              )
            )
          )
          (4): Stsgcm(
            (layers): ModuleList(
              (0): GcnOperation(
                (layer): Linear(in_features=64, out_features=128, bias=True)
              )
              (1): GcnOperation(
                (layer): Linear(in_features=64, out_features=128, bias=True)
              )
              (2): GcnOperation(
                (layer): Linear(in_features=64, out_features=128, bias=True)
              )
            )
          )
          (5): Stsgcm(
            (layers): ModuleList(
              (0): GcnOperation(
                (layer): Linear(in_features=64, out_features=128, bias=True)
              )
              (1): GcnOperation(
                (layer): Linear(in_features=64, out_features=128, bias=True)
              )
              (2): GcnOperation(
                (layer): Linear(in_features=64, out_features=128, bias=True)
              )
            )
          )
          (6): Stsgcm(
            (layers): ModuleList(
              (0): GcnOperation(
                (layer): Linear(in_features=64, out_features=128, bias=True)
              )
              (1): GcnOperation(
                (layer): Linear(in_features=64, out_features=128, bias=True)
              )
              (2): GcnOperation(
                (layer): Linear(in_features=64, out_features=128, bias=True)
              )
            )
          )
          (7): Stsgcm(
            (layers): ModuleList(
              (0): GcnOperation(
                (layer): Linear(in_features=64, out_features=128, bias=True)
              )
              (1): GcnOperation(
                (layer): Linear(in_features=64, out_features=128, bias=True)
              )
              (2): GcnOperation(
                (layer): Linear(in_features=64, out_features=128, bias=True)
              )
            )
          )
          (8): Stsgcm(
            (layers): ModuleList(
              (0): GcnOperation(
                (layer): Linear(in_features=64, out_features=128, bias=True)
              )
              (1): GcnOperation(
                (layer): Linear(in_features=64, out_features=128, bias=True)
              )
              (2): GcnOperation(
                (layer): Linear(in_features=64, out_features=128, bias=True)
              )
            )
          )
          (9): Stsgcm(
            (layers): ModuleList(
              (0): GcnOperation(
                (layer): Linear(in_features=64, out_features=128, bias=True)
              )
              (1): GcnOperation(
                (layer): Linear(in_features=64, out_features=128, bias=True)
              )
              (2): GcnOperation(
                (layer): Linear(in_features=64, out_features=128, bias=True)
              )
            )
          )
          (10): Stsgcm(
            (layers): ModuleList(
              (0): GcnOperation(
                (layer): Linear(in_features=64, out_features=128, bias=True)
              )
              (1): GcnOperation(
                (layer): Linear(in_features=64, out_features=128, bias=True)
              )
              (2): GcnOperation(
                (layer): Linear(in_features=64, out_features=128, bias=True)
              )
            )
          )
        )
      )
    )
  )
  (outputs): ModuleList(
    (0): OutputLayer(
      (hidden_layer): Linear(in_features=704, out_features=128, bias=True)
      (ouput_layer): Linear(in_features=128, out_features=2, bias=True)
    )
  )
  (loss): SmoothL1Loss()
)
2023-02-07 02:51:33,084 - INFO - first_layer_embedding.weight	torch.Size([64, 3])	cuda:0	True
2023-02-07 02:51:33,084 - INFO - first_layer_embedding.bias	torch.Size([64])	cuda:0	True
2023-02-07 02:51:33,084 - INFO - stsgcl_layers.0.layer.position_embedding.temporal_emb	torch.Size([1, 19, 1, 64])	cuda:0	True
2023-02-07 02:51:33,084 - INFO - stsgcl_layers.0.layer.position_embedding.spatial_emb	torch.Size([1, 1, 128, 64])	cuda:0	True
2023-02-07 02:51:33,084 - INFO - stsgcl_layers.0.layer.gcms.0.layers.0.layer.weight	torch.Size([128, 64])	cuda:0	True
2023-02-07 02:51:33,084 - INFO - stsgcl_layers.0.layer.gcms.0.layers.0.layer.bias	torch.Size([128])	cuda:0	True
2023-02-07 02:51:33,084 - INFO - stsgcl_layers.0.layer.gcms.0.layers.1.layer.weight	torch.Size([128, 64])	cuda:0	True
2023-02-07 02:51:33,084 - INFO - stsgcl_layers.0.layer.gcms.0.layers.1.layer.bias	torch.Size([128])	cuda:0	True
2023-02-07 02:51:33,084 - INFO - stsgcl_layers.0.layer.gcms.0.layers.2.layer.weight	torch.Size([128, 64])	cuda:0	True
2023-02-07 02:51:33,084 - INFO - stsgcl_layers.0.layer.gcms.0.layers.2.layer.bias	torch.Size([128])	cuda:0	True
2023-02-07 02:51:33,084 - INFO - stsgcl_layers.0.layer.gcms.1.layers.0.layer.weight	torch.Size([128, 64])	cuda:0	True
2023-02-07 02:51:33,084 - INFO - stsgcl_layers.0.layer.gcms.1.layers.0.layer.bias	torch.Size([128])	cuda:0	True
2023-02-07 02:51:33,084 - INFO - stsgcl_layers.0.layer.gcms.1.layers.1.layer.weight	torch.Size([128, 64])	cuda:0	True
2023-02-07 02:51:33,085 - INFO - stsgcl_layers.0.layer.gcms.1.layers.1.layer.bias	torch.Size([128])	cuda:0	True
2023-02-07 02:51:33,085 - INFO - stsgcl_layers.0.layer.gcms.1.layers.2.layer.weight	torch.Size([128, 64])	cuda:0	True
2023-02-07 02:51:33,085 - INFO - stsgcl_layers.0.layer.gcms.1.layers.2.layer.bias	torch.Size([128])	cuda:0	True
2023-02-07 02:51:33,085 - INFO - stsgcl_layers.0.layer.gcms.2.layers.0.layer.weight	torch.Size([128, 64])	cuda:0	True
2023-02-07 02:51:33,085 - INFO - stsgcl_layers.0.layer.gcms.2.layers.0.layer.bias	torch.Size([128])	cuda:0	True
2023-02-07 02:51:33,085 - INFO - stsgcl_layers.0.layer.gcms.2.layers.1.layer.weight	torch.Size([128, 64])	cuda:0	True
2023-02-07 02:51:33,085 - INFO - stsgcl_layers.0.layer.gcms.2.layers.1.layer.bias	torch.Size([128])	cuda:0	True
2023-02-07 02:51:33,085 - INFO - stsgcl_layers.0.layer.gcms.2.layers.2.layer.weight	torch.Size([128, 64])	cuda:0	True
2023-02-07 02:51:33,085 - INFO - stsgcl_layers.0.layer.gcms.2.layers.2.layer.bias	torch.Size([128])	cuda:0	True
2023-02-07 02:51:33,085 - INFO - stsgcl_layers.0.layer.gcms.3.layers.0.layer.weight	torch.Size([128, 64])	cuda:0	True
2023-02-07 02:51:33,085 - INFO - stsgcl_layers.0.layer.gcms.3.layers.0.layer.bias	torch.Size([128])	cuda:0	True
2023-02-07 02:51:33,085 - INFO - stsgcl_layers.0.layer.gcms.3.layers.1.layer.weight	torch.Size([128, 64])	cuda:0	True
2023-02-07 02:51:33,085 - INFO - stsgcl_layers.0.layer.gcms.3.layers.1.layer.bias	torch.Size([128])	cuda:0	True
2023-02-07 02:51:33,085 - INFO - stsgcl_layers.0.layer.gcms.3.layers.2.layer.weight	torch.Size([128, 64])	cuda:0	True
2023-02-07 02:51:33,085 - INFO - stsgcl_layers.0.layer.gcms.3.layers.2.layer.bias	torch.Size([128])	cuda:0	True
2023-02-07 02:51:33,085 - INFO - stsgcl_layers.0.layer.gcms.4.layers.0.layer.weight	torch.Size([128, 64])	cuda:0	True
2023-02-07 02:51:33,085 - INFO - stsgcl_layers.0.layer.gcms.4.layers.0.layer.bias	torch.Size([128])	cuda:0	True
2023-02-07 02:51:33,085 - INFO - stsgcl_layers.0.layer.gcms.4.layers.1.layer.weight	torch.Size([128, 64])	cuda:0	True
2023-02-07 02:51:33,086 - INFO - stsgcl_layers.0.layer.gcms.4.layers.1.layer.bias	torch.Size([128])	cuda:0	True
2023-02-07 02:51:33,086 - INFO - stsgcl_layers.0.layer.gcms.4.layers.2.layer.weight	torch.Size([128, 64])	cuda:0	True
2023-02-07 02:51:33,086 - INFO - stsgcl_layers.0.layer.gcms.4.layers.2.layer.bias	torch.Size([128])	cuda:0	True
2023-02-07 02:51:33,086 - INFO - stsgcl_layers.0.layer.gcms.5.layers.0.layer.weight	torch.Size([128, 64])	cuda:0	True
2023-02-07 02:51:33,086 - INFO - stsgcl_layers.0.layer.gcms.5.layers.0.layer.bias	torch.Size([128])	cuda:0	True
2023-02-07 02:51:33,086 - INFO - stsgcl_layers.0.layer.gcms.5.layers.1.layer.weight	torch.Size([128, 64])	cuda:0	True
2023-02-07 02:51:33,086 - INFO - stsgcl_layers.0.layer.gcms.5.layers.1.layer.bias	torch.Size([128])	cuda:0	True
2023-02-07 02:51:33,086 - INFO - stsgcl_layers.0.layer.gcms.5.layers.2.layer.weight	torch.Size([128, 64])	cuda:0	True
2023-02-07 02:51:33,086 - INFO - stsgcl_layers.0.layer.gcms.5.layers.2.layer.bias	torch.Size([128])	cuda:0	True
2023-02-07 02:51:33,086 - INFO - stsgcl_layers.0.layer.gcms.6.layers.0.layer.weight	torch.Size([128, 64])	cuda:0	True
2023-02-07 02:51:33,086 - INFO - stsgcl_layers.0.layer.gcms.6.layers.0.layer.bias	torch.Size([128])	cuda:0	True
2023-02-07 02:51:33,086 - INFO - stsgcl_layers.0.layer.gcms.6.layers.1.layer.weight	torch.Size([128, 64])	cuda:0	True
2023-02-07 02:51:33,086 - INFO - stsgcl_layers.0.layer.gcms.6.layers.1.layer.bias	torch.Size([128])	cuda:0	True
2023-02-07 02:51:33,086 - INFO - stsgcl_layers.0.layer.gcms.6.layers.2.layer.weight	torch.Size([128, 64])	cuda:0	True
2023-02-07 02:51:33,086 - INFO - stsgcl_layers.0.layer.gcms.6.layers.2.layer.bias	torch.Size([128])	cuda:0	True
2023-02-07 02:51:33,086 - INFO - stsgcl_layers.0.layer.gcms.7.layers.0.layer.weight	torch.Size([128, 64])	cuda:0	True
2023-02-07 02:51:33,086 - INFO - stsgcl_layers.0.layer.gcms.7.layers.0.layer.bias	torch.Size([128])	cuda:0	True
2023-02-07 02:51:33,086 - INFO - stsgcl_layers.0.layer.gcms.7.layers.1.layer.weight	torch.Size([128, 64])	cuda:0	True
2023-02-07 02:51:33,086 - INFO - stsgcl_layers.0.layer.gcms.7.layers.1.layer.bias	torch.Size([128])	cuda:0	True
2023-02-07 02:51:33,087 - INFO - stsgcl_layers.0.layer.gcms.7.layers.2.layer.weight	torch.Size([128, 64])	cuda:0	True
2023-02-07 02:51:33,087 - INFO - stsgcl_layers.0.layer.gcms.7.layers.2.layer.bias	torch.Size([128])	cuda:0	True
2023-02-07 02:51:33,087 - INFO - stsgcl_layers.0.layer.gcms.8.layers.0.layer.weight	torch.Size([128, 64])	cuda:0	True
2023-02-07 02:51:33,087 - INFO - stsgcl_layers.0.layer.gcms.8.layers.0.layer.bias	torch.Size([128])	cuda:0	True
2023-02-07 02:51:33,087 - INFO - stsgcl_layers.0.layer.gcms.8.layers.1.layer.weight	torch.Size([128, 64])	cuda:0	True
2023-02-07 02:51:33,087 - INFO - stsgcl_layers.0.layer.gcms.8.layers.1.layer.bias	torch.Size([128])	cuda:0	True
2023-02-07 02:51:33,087 - INFO - stsgcl_layers.0.layer.gcms.8.layers.2.layer.weight	torch.Size([128, 64])	cuda:0	True
2023-02-07 02:51:33,087 - INFO - stsgcl_layers.0.layer.gcms.8.layers.2.layer.bias	torch.Size([128])	cuda:0	True
2023-02-07 02:51:33,087 - INFO - stsgcl_layers.0.layer.gcms.9.layers.0.layer.weight	torch.Size([128, 64])	cuda:0	True
2023-02-07 02:51:33,087 - INFO - stsgcl_layers.0.layer.gcms.9.layers.0.layer.bias	torch.Size([128])	cuda:0	True
2023-02-07 02:51:33,087 - INFO - stsgcl_layers.0.layer.gcms.9.layers.1.layer.weight	torch.Size([128, 64])	cuda:0	True
2023-02-07 02:51:33,087 - INFO - stsgcl_layers.0.layer.gcms.9.layers.1.layer.bias	torch.Size([128])	cuda:0	True
2023-02-07 02:51:33,087 - INFO - stsgcl_layers.0.layer.gcms.9.layers.2.layer.weight	torch.Size([128, 64])	cuda:0	True
2023-02-07 02:51:33,087 - INFO - stsgcl_layers.0.layer.gcms.9.layers.2.layer.bias	torch.Size([128])	cuda:0	True
2023-02-07 02:51:33,087 - INFO - stsgcl_layers.0.layer.gcms.10.layers.0.layer.weight	torch.Size([128, 64])	cuda:0	True
2023-02-07 02:51:33,087 - INFO - stsgcl_layers.0.layer.gcms.10.layers.0.layer.bias	torch.Size([128])	cuda:0	True
2023-02-07 02:51:33,087 - INFO - stsgcl_layers.0.layer.gcms.10.layers.1.layer.weight	torch.Size([128, 64])	cuda:0	True
2023-02-07 02:51:33,087 - INFO - stsgcl_layers.0.layer.gcms.10.layers.1.layer.bias	torch.Size([128])	cuda:0	True
2023-02-07 02:51:33,087 - INFO - stsgcl_layers.0.layer.gcms.10.layers.2.layer.weight	torch.Size([128, 64])	cuda:0	True
2023-02-07 02:51:33,087 - INFO - stsgcl_layers.0.layer.gcms.10.layers.2.layer.bias	torch.Size([128])	cuda:0	True
2023-02-07 02:51:33,088 - INFO - stsgcl_layers.0.layer.gcms.11.layers.0.layer.weight	torch.Size([128, 64])	cuda:0	True
2023-02-07 02:51:33,088 - INFO - stsgcl_layers.0.layer.gcms.11.layers.0.layer.bias	torch.Size([128])	cuda:0	True
2023-02-07 02:51:33,088 - INFO - stsgcl_layers.0.layer.gcms.11.layers.1.layer.weight	torch.Size([128, 64])	cuda:0	True
2023-02-07 02:51:33,088 - INFO - stsgcl_layers.0.layer.gcms.11.layers.1.layer.bias	torch.Size([128])	cuda:0	True
2023-02-07 02:51:33,088 - INFO - stsgcl_layers.0.layer.gcms.11.layers.2.layer.weight	torch.Size([128, 64])	cuda:0	True
2023-02-07 02:51:33,088 - INFO - stsgcl_layers.0.layer.gcms.11.layers.2.layer.bias	torch.Size([128])	cuda:0	True
2023-02-07 02:51:33,088 - INFO - stsgcl_layers.0.layer.gcms.12.layers.0.layer.weight	torch.Size([128, 64])	cuda:0	True
2023-02-07 02:51:33,088 - INFO - stsgcl_layers.0.layer.gcms.12.layers.0.layer.bias	torch.Size([128])	cuda:0	True
2023-02-07 02:51:33,088 - INFO - stsgcl_layers.0.layer.gcms.12.layers.1.layer.weight	torch.Size([128, 64])	cuda:0	True
2023-02-07 02:51:33,088 - INFO - stsgcl_layers.0.layer.gcms.12.layers.1.layer.bias	torch.Size([128])	cuda:0	True
2023-02-07 02:51:33,088 - INFO - stsgcl_layers.0.layer.gcms.12.layers.2.layer.weight	torch.Size([128, 64])	cuda:0	True
2023-02-07 02:51:33,088 - INFO - stsgcl_layers.0.layer.gcms.12.layers.2.layer.bias	torch.Size([128])	cuda:0	True
2023-02-07 02:51:33,088 - INFO - stsgcl_layers.0.layer.gcms.13.layers.0.layer.weight	torch.Size([128, 64])	cuda:0	True
2023-02-07 02:51:33,088 - INFO - stsgcl_layers.0.layer.gcms.13.layers.0.layer.bias	torch.Size([128])	cuda:0	True
2023-02-07 02:51:33,088 - INFO - stsgcl_layers.0.layer.gcms.13.layers.1.layer.weight	torch.Size([128, 64])	cuda:0	True
2023-02-07 02:51:33,088 - INFO - stsgcl_layers.0.layer.gcms.13.layers.1.layer.bias	torch.Size([128])	cuda:0	True
2023-02-07 02:51:33,088 - INFO - stsgcl_layers.0.layer.gcms.13.layers.2.layer.weight	torch.Size([128, 64])	cuda:0	True
2023-02-07 02:51:33,088 - INFO - stsgcl_layers.0.layer.gcms.13.layers.2.layer.bias	torch.Size([128])	cuda:0	True
2023-02-07 02:51:33,088 - INFO - stsgcl_layers.0.layer.gcms.14.layers.0.layer.weight	torch.Size([128, 64])	cuda:0	True
2023-02-07 02:51:33,088 - INFO - stsgcl_layers.0.layer.gcms.14.layers.0.layer.bias	torch.Size([128])	cuda:0	True
2023-02-07 02:51:33,089 - INFO - stsgcl_layers.0.layer.gcms.14.layers.1.layer.weight	torch.Size([128, 64])	cuda:0	True
2023-02-07 02:51:33,089 - INFO - stsgcl_layers.0.layer.gcms.14.layers.1.layer.bias	torch.Size([128])	cuda:0	True
2023-02-07 02:51:33,089 - INFO - stsgcl_layers.0.layer.gcms.14.layers.2.layer.weight	torch.Size([128, 64])	cuda:0	True
2023-02-07 02:51:33,089 - INFO - stsgcl_layers.0.layer.gcms.14.layers.2.layer.bias	torch.Size([128])	cuda:0	True
2023-02-07 02:51:33,089 - INFO - stsgcl_layers.0.layer.gcms.15.layers.0.layer.weight	torch.Size([128, 64])	cuda:0	True
2023-02-07 02:51:33,089 - INFO - stsgcl_layers.0.layer.gcms.15.layers.0.layer.bias	torch.Size([128])	cuda:0	True
2023-02-07 02:51:33,089 - INFO - stsgcl_layers.0.layer.gcms.15.layers.1.layer.weight	torch.Size([128, 64])	cuda:0	True
2023-02-07 02:51:33,089 - INFO - stsgcl_layers.0.layer.gcms.15.layers.1.layer.bias	torch.Size([128])	cuda:0	True
2023-02-07 02:51:33,089 - INFO - stsgcl_layers.0.layer.gcms.15.layers.2.layer.weight	torch.Size([128, 64])	cuda:0	True
2023-02-07 02:51:33,089 - INFO - stsgcl_layers.0.layer.gcms.15.layers.2.layer.bias	torch.Size([128])	cuda:0	True
2023-02-07 02:51:33,089 - INFO - stsgcl_layers.0.layer.gcms.16.layers.0.layer.weight	torch.Size([128, 64])	cuda:0	True
2023-02-07 02:51:33,089 - INFO - stsgcl_layers.0.layer.gcms.16.layers.0.layer.bias	torch.Size([128])	cuda:0	True
2023-02-07 02:51:33,089 - INFO - stsgcl_layers.0.layer.gcms.16.layers.1.layer.weight	torch.Size([128, 64])	cuda:0	True
2023-02-07 02:51:33,089 - INFO - stsgcl_layers.0.layer.gcms.16.layers.1.layer.bias	torch.Size([128])	cuda:0	True
2023-02-07 02:51:33,089 - INFO - stsgcl_layers.0.layer.gcms.16.layers.2.layer.weight	torch.Size([128, 64])	cuda:0	True
2023-02-07 02:51:33,089 - INFO - stsgcl_layers.0.layer.gcms.16.layers.2.layer.bias	torch.Size([128])	cuda:0	True
2023-02-07 02:51:33,089 - INFO - stsgcl_layers.1.layer.position_embedding.temporal_emb	torch.Size([1, 17, 1, 64])	cuda:0	True
2023-02-07 02:51:33,089 - INFO - stsgcl_layers.1.layer.position_embedding.spatial_emb	torch.Size([1, 1, 128, 64])	cuda:0	True
2023-02-07 02:51:33,089 - INFO - stsgcl_layers.1.layer.gcms.0.layers.0.layer.weight	torch.Size([128, 64])	cuda:0	True
2023-02-07 02:51:33,089 - INFO - stsgcl_layers.1.layer.gcms.0.layers.0.layer.bias	torch.Size([128])	cuda:0	True
2023-02-07 02:51:33,089 - INFO - stsgcl_layers.1.layer.gcms.0.layers.1.layer.weight	torch.Size([128, 64])	cuda:0	True
2023-02-07 02:51:33,090 - INFO - stsgcl_layers.1.layer.gcms.0.layers.1.layer.bias	torch.Size([128])	cuda:0	True
2023-02-07 02:51:33,090 - INFO - stsgcl_layers.1.layer.gcms.0.layers.2.layer.weight	torch.Size([128, 64])	cuda:0	True
2023-02-07 02:51:33,090 - INFO - stsgcl_layers.1.layer.gcms.0.layers.2.layer.bias	torch.Size([128])	cuda:0	True
2023-02-07 02:51:33,090 - INFO - stsgcl_layers.1.layer.gcms.1.layers.0.layer.weight	torch.Size([128, 64])	cuda:0	True
2023-02-07 02:51:33,090 - INFO - stsgcl_layers.1.layer.gcms.1.layers.0.layer.bias	torch.Size([128])	cuda:0	True
2023-02-07 02:51:33,090 - INFO - stsgcl_layers.1.layer.gcms.1.layers.1.layer.weight	torch.Size([128, 64])	cuda:0	True
2023-02-07 02:51:33,090 - INFO - stsgcl_layers.1.layer.gcms.1.layers.1.layer.bias	torch.Size([128])	cuda:0	True
2023-02-07 02:51:33,090 - INFO - stsgcl_layers.1.layer.gcms.1.layers.2.layer.weight	torch.Size([128, 64])	cuda:0	True
2023-02-07 02:51:33,090 - INFO - stsgcl_layers.1.layer.gcms.1.layers.2.layer.bias	torch.Size([128])	cuda:0	True
2023-02-07 02:51:33,090 - INFO - stsgcl_layers.1.layer.gcms.2.layers.0.layer.weight	torch.Size([128, 64])	cuda:0	True
2023-02-07 02:51:33,090 - INFO - stsgcl_layers.1.layer.gcms.2.layers.0.layer.bias	torch.Size([128])	cuda:0	True
2023-02-07 02:51:33,090 - INFO - stsgcl_layers.1.layer.gcms.2.layers.1.layer.weight	torch.Size([128, 64])	cuda:0	True
2023-02-07 02:51:33,090 - INFO - stsgcl_layers.1.layer.gcms.2.layers.1.layer.bias	torch.Size([128])	cuda:0	True
2023-02-07 02:51:33,090 - INFO - stsgcl_layers.1.layer.gcms.2.layers.2.layer.weight	torch.Size([128, 64])	cuda:0	True
2023-02-07 02:51:33,090 - INFO - stsgcl_layers.1.layer.gcms.2.layers.2.layer.bias	torch.Size([128])	cuda:0	True
2023-02-07 02:51:33,090 - INFO - stsgcl_layers.1.layer.gcms.3.layers.0.layer.weight	torch.Size([128, 64])	cuda:0	True
2023-02-07 02:51:33,090 - INFO - stsgcl_layers.1.layer.gcms.3.layers.0.layer.bias	torch.Size([128])	cuda:0	True
2023-02-07 02:51:33,090 - INFO - stsgcl_layers.1.layer.gcms.3.layers.1.layer.weight	torch.Size([128, 64])	cuda:0	True
2023-02-07 02:51:33,090 - INFO - stsgcl_layers.1.layer.gcms.3.layers.1.layer.bias	torch.Size([128])	cuda:0	True
2023-02-07 02:51:33,091 - INFO - stsgcl_layers.1.layer.gcms.3.layers.2.layer.weight	torch.Size([128, 64])	cuda:0	True
2023-02-07 02:51:33,091 - INFO - stsgcl_layers.1.layer.gcms.3.layers.2.layer.bias	torch.Size([128])	cuda:0	True
2023-02-07 02:51:33,091 - INFO - stsgcl_layers.1.layer.gcms.4.layers.0.layer.weight	torch.Size([128, 64])	cuda:0	True
2023-02-07 02:51:33,091 - INFO - stsgcl_layers.1.layer.gcms.4.layers.0.layer.bias	torch.Size([128])	cuda:0	True
2023-02-07 02:51:33,091 - INFO - stsgcl_layers.1.layer.gcms.4.layers.1.layer.weight	torch.Size([128, 64])	cuda:0	True
2023-02-07 02:51:33,091 - INFO - stsgcl_layers.1.layer.gcms.4.layers.1.layer.bias	torch.Size([128])	cuda:0	True
2023-02-07 02:51:33,091 - INFO - stsgcl_layers.1.layer.gcms.4.layers.2.layer.weight	torch.Size([128, 64])	cuda:0	True
2023-02-07 02:51:33,091 - INFO - stsgcl_layers.1.layer.gcms.4.layers.2.layer.bias	torch.Size([128])	cuda:0	True
2023-02-07 02:51:33,091 - INFO - stsgcl_layers.1.layer.gcms.5.layers.0.layer.weight	torch.Size([128, 64])	cuda:0	True
2023-02-07 02:51:33,091 - INFO - stsgcl_layers.1.layer.gcms.5.layers.0.layer.bias	torch.Size([128])	cuda:0	True
2023-02-07 02:51:33,091 - INFO - stsgcl_layers.1.layer.gcms.5.layers.1.layer.weight	torch.Size([128, 64])	cuda:0	True
2023-02-07 02:51:33,091 - INFO - stsgcl_layers.1.layer.gcms.5.layers.1.layer.bias	torch.Size([128])	cuda:0	True
2023-02-07 02:51:33,091 - INFO - stsgcl_layers.1.layer.gcms.5.layers.2.layer.weight	torch.Size([128, 64])	cuda:0	True
2023-02-07 02:51:33,091 - INFO - stsgcl_layers.1.layer.gcms.5.layers.2.layer.bias	torch.Size([128])	cuda:0	True
2023-02-07 02:51:33,091 - INFO - stsgcl_layers.1.layer.gcms.6.layers.0.layer.weight	torch.Size([128, 64])	cuda:0	True
2023-02-07 02:51:33,091 - INFO - stsgcl_layers.1.layer.gcms.6.layers.0.layer.bias	torch.Size([128])	cuda:0	True
2023-02-07 02:51:33,091 - INFO - stsgcl_layers.1.layer.gcms.6.layers.1.layer.weight	torch.Size([128, 64])	cuda:0	True
2023-02-07 02:51:33,091 - INFO - stsgcl_layers.1.layer.gcms.6.layers.1.layer.bias	torch.Size([128])	cuda:0	True
2023-02-07 02:51:33,091 - INFO - stsgcl_layers.1.layer.gcms.6.layers.2.layer.weight	torch.Size([128, 64])	cuda:0	True
2023-02-07 02:51:33,091 - INFO - stsgcl_layers.1.layer.gcms.6.layers.2.layer.bias	torch.Size([128])	cuda:0	True
2023-02-07 02:51:33,092 - INFO - stsgcl_layers.1.layer.gcms.7.layers.0.layer.weight	torch.Size([128, 64])	cuda:0	True
2023-02-07 02:51:33,092 - INFO - stsgcl_layers.1.layer.gcms.7.layers.0.layer.bias	torch.Size([128])	cuda:0	True
2023-02-07 02:51:33,092 - INFO - stsgcl_layers.1.layer.gcms.7.layers.1.layer.weight	torch.Size([128, 64])	cuda:0	True
2023-02-07 02:51:33,092 - INFO - stsgcl_layers.1.layer.gcms.7.layers.1.layer.bias	torch.Size([128])	cuda:0	True
2023-02-07 02:51:33,092 - INFO - stsgcl_layers.1.layer.gcms.7.layers.2.layer.weight	torch.Size([128, 64])	cuda:0	True
2023-02-07 02:51:33,092 - INFO - stsgcl_layers.1.layer.gcms.7.layers.2.layer.bias	torch.Size([128])	cuda:0	True
2023-02-07 02:51:33,092 - INFO - stsgcl_layers.1.layer.gcms.8.layers.0.layer.weight	torch.Size([128, 64])	cuda:0	True
2023-02-07 02:51:33,092 - INFO - stsgcl_layers.1.layer.gcms.8.layers.0.layer.bias	torch.Size([128])	cuda:0	True
2023-02-07 02:51:33,092 - INFO - stsgcl_layers.1.layer.gcms.8.layers.1.layer.weight	torch.Size([128, 64])	cuda:0	True
2023-02-07 02:51:33,092 - INFO - stsgcl_layers.1.layer.gcms.8.layers.1.layer.bias	torch.Size([128])	cuda:0	True
2023-02-07 02:51:33,092 - INFO - stsgcl_layers.1.layer.gcms.8.layers.2.layer.weight	torch.Size([128, 64])	cuda:0	True
2023-02-07 02:51:33,092 - INFO - stsgcl_layers.1.layer.gcms.8.layers.2.layer.bias	torch.Size([128])	cuda:0	True
2023-02-07 02:51:33,092 - INFO - stsgcl_layers.1.layer.gcms.9.layers.0.layer.weight	torch.Size([128, 64])	cuda:0	True
2023-02-07 02:51:33,092 - INFO - stsgcl_layers.1.layer.gcms.9.layers.0.layer.bias	torch.Size([128])	cuda:0	True
2023-02-07 02:51:33,092 - INFO - stsgcl_layers.1.layer.gcms.9.layers.1.layer.weight	torch.Size([128, 64])	cuda:0	True
2023-02-07 02:51:33,092 - INFO - stsgcl_layers.1.layer.gcms.9.layers.1.layer.bias	torch.Size([128])	cuda:0	True
2023-02-07 02:51:33,092 - INFO - stsgcl_layers.1.layer.gcms.9.layers.2.layer.weight	torch.Size([128, 64])	cuda:0	True
2023-02-07 02:51:33,092 - INFO - stsgcl_layers.1.layer.gcms.9.layers.2.layer.bias	torch.Size([128])	cuda:0	True
2023-02-07 02:51:33,092 - INFO - stsgcl_layers.1.layer.gcms.10.layers.0.layer.weight	torch.Size([128, 64])	cuda:0	True
2023-02-07 02:51:33,093 - INFO - stsgcl_layers.1.layer.gcms.10.layers.0.layer.bias	torch.Size([128])	cuda:0	True
2023-02-07 02:51:33,093 - INFO - stsgcl_layers.1.layer.gcms.10.layers.1.layer.weight	torch.Size([128, 64])	cuda:0	True
2023-02-07 02:51:33,093 - INFO - stsgcl_layers.1.layer.gcms.10.layers.1.layer.bias	torch.Size([128])	cuda:0	True
2023-02-07 02:51:33,093 - INFO - stsgcl_layers.1.layer.gcms.10.layers.2.layer.weight	torch.Size([128, 64])	cuda:0	True
2023-02-07 02:51:33,093 - INFO - stsgcl_layers.1.layer.gcms.10.layers.2.layer.bias	torch.Size([128])	cuda:0	True
2023-02-07 02:51:33,093 - INFO - stsgcl_layers.1.layer.gcms.11.layers.0.layer.weight	torch.Size([128, 64])	cuda:0	True
2023-02-07 02:51:33,093 - INFO - stsgcl_layers.1.layer.gcms.11.layers.0.layer.bias	torch.Size([128])	cuda:0	True
2023-02-07 02:51:33,093 - INFO - stsgcl_layers.1.layer.gcms.11.layers.1.layer.weight	torch.Size([128, 64])	cuda:0	True
2023-02-07 02:51:33,093 - INFO - stsgcl_layers.1.layer.gcms.11.layers.1.layer.bias	torch.Size([128])	cuda:0	True
2023-02-07 02:51:33,093 - INFO - stsgcl_layers.1.layer.gcms.11.layers.2.layer.weight	torch.Size([128, 64])	cuda:0	True
2023-02-07 02:51:33,093 - INFO - stsgcl_layers.1.layer.gcms.11.layers.2.layer.bias	torch.Size([128])	cuda:0	True
2023-02-07 02:51:33,093 - INFO - stsgcl_layers.1.layer.gcms.12.layers.0.layer.weight	torch.Size([128, 64])	cuda:0	True
2023-02-07 02:51:33,093 - INFO - stsgcl_layers.1.layer.gcms.12.layers.0.layer.bias	torch.Size([128])	cuda:0	True
2023-02-07 02:51:33,093 - INFO - stsgcl_layers.1.layer.gcms.12.layers.1.layer.weight	torch.Size([128, 64])	cuda:0	True
2023-02-07 02:51:33,093 - INFO - stsgcl_layers.1.layer.gcms.12.layers.1.layer.bias	torch.Size([128])	cuda:0	True
2023-02-07 02:51:33,093 - INFO - stsgcl_layers.1.layer.gcms.12.layers.2.layer.weight	torch.Size([128, 64])	cuda:0	True
2023-02-07 02:51:33,093 - INFO - stsgcl_layers.1.layer.gcms.12.layers.2.layer.bias	torch.Size([128])	cuda:0	True
2023-02-07 02:51:33,093 - INFO - stsgcl_layers.1.layer.gcms.13.layers.0.layer.weight	torch.Size([128, 64])	cuda:0	True
2023-02-07 02:51:33,093 - INFO - stsgcl_layers.1.layer.gcms.13.layers.0.layer.bias	torch.Size([128])	cuda:0	True
2023-02-07 02:51:33,093 - INFO - stsgcl_layers.1.layer.gcms.13.layers.1.layer.weight	torch.Size([128, 64])	cuda:0	True
2023-02-07 02:51:33,093 - INFO - stsgcl_layers.1.layer.gcms.13.layers.1.layer.bias	torch.Size([128])	cuda:0	True
2023-02-07 02:51:33,094 - INFO - stsgcl_layers.1.layer.gcms.13.layers.2.layer.weight	torch.Size([128, 64])	cuda:0	True
2023-02-07 02:51:33,094 - INFO - stsgcl_layers.1.layer.gcms.13.layers.2.layer.bias	torch.Size([128])	cuda:0	True
2023-02-07 02:51:33,094 - INFO - stsgcl_layers.1.layer.gcms.14.layers.0.layer.weight	torch.Size([128, 64])	cuda:0	True
2023-02-07 02:51:33,094 - INFO - stsgcl_layers.1.layer.gcms.14.layers.0.layer.bias	torch.Size([128])	cuda:0	True
2023-02-07 02:51:33,094 - INFO - stsgcl_layers.1.layer.gcms.14.layers.1.layer.weight	torch.Size([128, 64])	cuda:0	True
2023-02-07 02:51:33,094 - INFO - stsgcl_layers.1.layer.gcms.14.layers.1.layer.bias	torch.Size([128])	cuda:0	True
2023-02-07 02:51:33,094 - INFO - stsgcl_layers.1.layer.gcms.14.layers.2.layer.weight	torch.Size([128, 64])	cuda:0	True
2023-02-07 02:51:33,094 - INFO - stsgcl_layers.1.layer.gcms.14.layers.2.layer.bias	torch.Size([128])	cuda:0	True
2023-02-07 02:51:33,094 - INFO - stsgcl_layers.2.layer.position_embedding.temporal_emb	torch.Size([1, 15, 1, 64])	cuda:0	True
2023-02-07 02:51:33,094 - INFO - stsgcl_layers.2.layer.position_embedding.spatial_emb	torch.Size([1, 1, 128, 64])	cuda:0	True
2023-02-07 02:51:33,094 - INFO - stsgcl_layers.2.layer.gcms.0.layers.0.layer.weight	torch.Size([128, 64])	cuda:0	True
2023-02-07 02:51:33,094 - INFO - stsgcl_layers.2.layer.gcms.0.layers.0.layer.bias	torch.Size([128])	cuda:0	True
2023-02-07 02:51:33,094 - INFO - stsgcl_layers.2.layer.gcms.0.layers.1.layer.weight	torch.Size([128, 64])	cuda:0	True
2023-02-07 02:51:33,094 - INFO - stsgcl_layers.2.layer.gcms.0.layers.1.layer.bias	torch.Size([128])	cuda:0	True
2023-02-07 02:51:33,094 - INFO - stsgcl_layers.2.layer.gcms.0.layers.2.layer.weight	torch.Size([128, 64])	cuda:0	True
2023-02-07 02:51:33,094 - INFO - stsgcl_layers.2.layer.gcms.0.layers.2.layer.bias	torch.Size([128])	cuda:0	True
2023-02-07 02:51:33,094 - INFO - stsgcl_layers.2.layer.gcms.1.layers.0.layer.weight	torch.Size([128, 64])	cuda:0	True
2023-02-07 02:51:33,094 - INFO - stsgcl_layers.2.layer.gcms.1.layers.0.layer.bias	torch.Size([128])	cuda:0	True
2023-02-07 02:51:33,094 - INFO - stsgcl_layers.2.layer.gcms.1.layers.1.layer.weight	torch.Size([128, 64])	cuda:0	True
2023-02-07 02:51:33,094 - INFO - stsgcl_layers.2.layer.gcms.1.layers.1.layer.bias	torch.Size([128])	cuda:0	True
2023-02-07 02:51:33,095 - INFO - stsgcl_layers.2.layer.gcms.1.layers.2.layer.weight	torch.Size([128, 64])	cuda:0	True
2023-02-07 02:51:33,095 - INFO - stsgcl_layers.2.layer.gcms.1.layers.2.layer.bias	torch.Size([128])	cuda:0	True
2023-02-07 02:51:33,095 - INFO - stsgcl_layers.2.layer.gcms.2.layers.0.layer.weight	torch.Size([128, 64])	cuda:0	True
2023-02-07 02:51:33,095 - INFO - stsgcl_layers.2.layer.gcms.2.layers.0.layer.bias	torch.Size([128])	cuda:0	True
2023-02-07 02:51:33,095 - INFO - stsgcl_layers.2.layer.gcms.2.layers.1.layer.weight	torch.Size([128, 64])	cuda:0	True
2023-02-07 02:51:33,095 - INFO - stsgcl_layers.2.layer.gcms.2.layers.1.layer.bias	torch.Size([128])	cuda:0	True
2023-02-07 02:51:33,095 - INFO - stsgcl_layers.2.layer.gcms.2.layers.2.layer.weight	torch.Size([128, 64])	cuda:0	True
2023-02-07 02:51:33,095 - INFO - stsgcl_layers.2.layer.gcms.2.layers.2.layer.bias	torch.Size([128])	cuda:0	True
2023-02-07 02:51:33,095 - INFO - stsgcl_layers.2.layer.gcms.3.layers.0.layer.weight	torch.Size([128, 64])	cuda:0	True
2023-02-07 02:51:33,095 - INFO - stsgcl_layers.2.layer.gcms.3.layers.0.layer.bias	torch.Size([128])	cuda:0	True
2023-02-07 02:51:33,095 - INFO - stsgcl_layers.2.layer.gcms.3.layers.1.layer.weight	torch.Size([128, 64])	cuda:0	True
2023-02-07 02:51:33,095 - INFO - stsgcl_layers.2.layer.gcms.3.layers.1.layer.bias	torch.Size([128])	cuda:0	True
2023-02-07 02:51:33,095 - INFO - stsgcl_layers.2.layer.gcms.3.layers.2.layer.weight	torch.Size([128, 64])	cuda:0	True
2023-02-07 02:51:33,095 - INFO - stsgcl_layers.2.layer.gcms.3.layers.2.layer.bias	torch.Size([128])	cuda:0	True
2023-02-07 02:51:33,095 - INFO - stsgcl_layers.2.layer.gcms.4.layers.0.layer.weight	torch.Size([128, 64])	cuda:0	True
2023-02-07 02:51:33,095 - INFO - stsgcl_layers.2.layer.gcms.4.layers.0.layer.bias	torch.Size([128])	cuda:0	True
2023-02-07 02:51:33,095 - INFO - stsgcl_layers.2.layer.gcms.4.layers.1.layer.weight	torch.Size([128, 64])	cuda:0	True
2023-02-07 02:51:33,095 - INFO - stsgcl_layers.2.layer.gcms.4.layers.1.layer.bias	torch.Size([128])	cuda:0	True
2023-02-07 02:51:33,095 - INFO - stsgcl_layers.2.layer.gcms.4.layers.2.layer.weight	torch.Size([128, 64])	cuda:0	True
2023-02-07 02:51:33,095 - INFO - stsgcl_layers.2.layer.gcms.4.layers.2.layer.bias	torch.Size([128])	cuda:0	True
2023-02-07 02:51:33,096 - INFO - stsgcl_layers.2.layer.gcms.5.layers.0.layer.weight	torch.Size([128, 64])	cuda:0	True
2023-02-07 02:51:33,096 - INFO - stsgcl_layers.2.layer.gcms.5.layers.0.layer.bias	torch.Size([128])	cuda:0	True
2023-02-07 02:51:33,096 - INFO - stsgcl_layers.2.layer.gcms.5.layers.1.layer.weight	torch.Size([128, 64])	cuda:0	True
2023-02-07 02:51:33,096 - INFO - stsgcl_layers.2.layer.gcms.5.layers.1.layer.bias	torch.Size([128])	cuda:0	True
2023-02-07 02:51:33,096 - INFO - stsgcl_layers.2.layer.gcms.5.layers.2.layer.weight	torch.Size([128, 64])	cuda:0	True
2023-02-07 02:51:33,096 - INFO - stsgcl_layers.2.layer.gcms.5.layers.2.layer.bias	torch.Size([128])	cuda:0	True
2023-02-07 02:51:33,096 - INFO - stsgcl_layers.2.layer.gcms.6.layers.0.layer.weight	torch.Size([128, 64])	cuda:0	True
2023-02-07 02:51:33,096 - INFO - stsgcl_layers.2.layer.gcms.6.layers.0.layer.bias	torch.Size([128])	cuda:0	True
2023-02-07 02:51:33,096 - INFO - stsgcl_layers.2.layer.gcms.6.layers.1.layer.weight	torch.Size([128, 64])	cuda:0	True
2023-02-07 02:51:33,096 - INFO - stsgcl_layers.2.layer.gcms.6.layers.1.layer.bias	torch.Size([128])	cuda:0	True
2023-02-07 02:51:33,096 - INFO - stsgcl_layers.2.layer.gcms.6.layers.2.layer.weight	torch.Size([128, 64])	cuda:0	True
2023-02-07 02:51:33,096 - INFO - stsgcl_layers.2.layer.gcms.6.layers.2.layer.bias	torch.Size([128])	cuda:0	True
2023-02-07 02:51:33,096 - INFO - stsgcl_layers.2.layer.gcms.7.layers.0.layer.weight	torch.Size([128, 64])	cuda:0	True
2023-02-07 02:51:33,096 - INFO - stsgcl_layers.2.layer.gcms.7.layers.0.layer.bias	torch.Size([128])	cuda:0	True
2023-02-07 02:51:33,096 - INFO - stsgcl_layers.2.layer.gcms.7.layers.1.layer.weight	torch.Size([128, 64])	cuda:0	True
2023-02-07 02:51:33,096 - INFO - stsgcl_layers.2.layer.gcms.7.layers.1.layer.bias	torch.Size([128])	cuda:0	True
2023-02-07 02:51:33,096 - INFO - stsgcl_layers.2.layer.gcms.7.layers.2.layer.weight	torch.Size([128, 64])	cuda:0	True
2023-02-07 02:51:33,096 - INFO - stsgcl_layers.2.layer.gcms.7.layers.2.layer.bias	torch.Size([128])	cuda:0	True
2023-02-07 02:51:33,096 - INFO - stsgcl_layers.2.layer.gcms.8.layers.0.layer.weight	torch.Size([128, 64])	cuda:0	True
2023-02-07 02:51:33,096 - INFO - stsgcl_layers.2.layer.gcms.8.layers.0.layer.bias	torch.Size([128])	cuda:0	True
2023-02-07 02:51:33,096 - INFO - stsgcl_layers.2.layer.gcms.8.layers.1.layer.weight	torch.Size([128, 64])	cuda:0	True
2023-02-07 02:51:33,097 - INFO - stsgcl_layers.2.layer.gcms.8.layers.1.layer.bias	torch.Size([128])	cuda:0	True
2023-02-07 02:51:33,097 - INFO - stsgcl_layers.2.layer.gcms.8.layers.2.layer.weight	torch.Size([128, 64])	cuda:0	True
2023-02-07 02:51:33,097 - INFO - stsgcl_layers.2.layer.gcms.8.layers.2.layer.bias	torch.Size([128])	cuda:0	True
2023-02-07 02:51:33,097 - INFO - stsgcl_layers.2.layer.gcms.9.layers.0.layer.weight	torch.Size([128, 64])	cuda:0	True
2023-02-07 02:51:33,097 - INFO - stsgcl_layers.2.layer.gcms.9.layers.0.layer.bias	torch.Size([128])	cuda:0	True
2023-02-07 02:51:33,097 - INFO - stsgcl_layers.2.layer.gcms.9.layers.1.layer.weight	torch.Size([128, 64])	cuda:0	True
2023-02-07 02:51:33,097 - INFO - stsgcl_layers.2.layer.gcms.9.layers.1.layer.bias	torch.Size([128])	cuda:0	True
2023-02-07 02:51:33,097 - INFO - stsgcl_layers.2.layer.gcms.9.layers.2.layer.weight	torch.Size([128, 64])	cuda:0	True
2023-02-07 02:51:33,097 - INFO - stsgcl_layers.2.layer.gcms.9.layers.2.layer.bias	torch.Size([128])	cuda:0	True
2023-02-07 02:51:33,097 - INFO - stsgcl_layers.2.layer.gcms.10.layers.0.layer.weight	torch.Size([128, 64])	cuda:0	True
2023-02-07 02:51:33,097 - INFO - stsgcl_layers.2.layer.gcms.10.layers.0.layer.bias	torch.Size([128])	cuda:0	True
2023-02-07 02:51:33,097 - INFO - stsgcl_layers.2.layer.gcms.10.layers.1.layer.weight	torch.Size([128, 64])	cuda:0	True
2023-02-07 02:51:33,097 - INFO - stsgcl_layers.2.layer.gcms.10.layers.1.layer.bias	torch.Size([128])	cuda:0	True
2023-02-07 02:51:33,097 - INFO - stsgcl_layers.2.layer.gcms.10.layers.2.layer.weight	torch.Size([128, 64])	cuda:0	True
2023-02-07 02:51:33,097 - INFO - stsgcl_layers.2.layer.gcms.10.layers.2.layer.bias	torch.Size([128])	cuda:0	True
2023-02-07 02:51:33,097 - INFO - stsgcl_layers.2.layer.gcms.11.layers.0.layer.weight	torch.Size([128, 64])	cuda:0	True
2023-02-07 02:51:33,097 - INFO - stsgcl_layers.2.layer.gcms.11.layers.0.layer.bias	torch.Size([128])	cuda:0	True
2023-02-07 02:51:33,097 - INFO - stsgcl_layers.2.layer.gcms.11.layers.1.layer.weight	torch.Size([128, 64])	cuda:0	True
2023-02-07 02:51:33,097 - INFO - stsgcl_layers.2.layer.gcms.11.layers.1.layer.bias	torch.Size([128])	cuda:0	True
2023-02-07 02:51:33,097 - INFO - stsgcl_layers.2.layer.gcms.11.layers.2.layer.weight	torch.Size([128, 64])	cuda:0	True
2023-02-07 02:51:33,098 - INFO - stsgcl_layers.2.layer.gcms.11.layers.2.layer.bias	torch.Size([128])	cuda:0	True
2023-02-07 02:51:33,098 - INFO - stsgcl_layers.2.layer.gcms.12.layers.0.layer.weight	torch.Size([128, 64])	cuda:0	True
2023-02-07 02:51:33,098 - INFO - stsgcl_layers.2.layer.gcms.12.layers.0.layer.bias	torch.Size([128])	cuda:0	True
2023-02-07 02:51:33,098 - INFO - stsgcl_layers.2.layer.gcms.12.layers.1.layer.weight	torch.Size([128, 64])	cuda:0	True
2023-02-07 02:51:33,098 - INFO - stsgcl_layers.2.layer.gcms.12.layers.1.layer.bias	torch.Size([128])	cuda:0	True
2023-02-07 02:51:33,098 - INFO - stsgcl_layers.2.layer.gcms.12.layers.2.layer.weight	torch.Size([128, 64])	cuda:0	True
2023-02-07 02:51:33,098 - INFO - stsgcl_layers.2.layer.gcms.12.layers.2.layer.bias	torch.Size([128])	cuda:0	True
2023-02-07 02:51:33,098 - INFO - stsgcl_layers.3.layer.position_embedding.temporal_emb	torch.Size([1, 13, 1, 64])	cuda:0	True
2023-02-07 02:51:33,098 - INFO - stsgcl_layers.3.layer.position_embedding.spatial_emb	torch.Size([1, 1, 128, 64])	cuda:0	True
2023-02-07 02:51:33,098 - INFO - stsgcl_layers.3.layer.gcms.0.layers.0.layer.weight	torch.Size([128, 64])	cuda:0	True
2023-02-07 02:51:33,098 - INFO - stsgcl_layers.3.layer.gcms.0.layers.0.layer.bias	torch.Size([128])	cuda:0	True
2023-02-07 02:51:33,098 - INFO - stsgcl_layers.3.layer.gcms.0.layers.1.layer.weight	torch.Size([128, 64])	cuda:0	True
2023-02-07 02:51:33,098 - INFO - stsgcl_layers.3.layer.gcms.0.layers.1.layer.bias	torch.Size([128])	cuda:0	True
2023-02-07 02:51:33,098 - INFO - stsgcl_layers.3.layer.gcms.0.layers.2.layer.weight	torch.Size([128, 64])	cuda:0	True
2023-02-07 02:51:33,098 - INFO - stsgcl_layers.3.layer.gcms.0.layers.2.layer.bias	torch.Size([128])	cuda:0	True
2023-02-07 02:51:33,098 - INFO - stsgcl_layers.3.layer.gcms.1.layers.0.layer.weight	torch.Size([128, 64])	cuda:0	True
2023-02-07 02:51:33,098 - INFO - stsgcl_layers.3.layer.gcms.1.layers.0.layer.bias	torch.Size([128])	cuda:0	True
2023-02-07 02:51:33,098 - INFO - stsgcl_layers.3.layer.gcms.1.layers.1.layer.weight	torch.Size([128, 64])	cuda:0	True
2023-02-07 02:51:33,098 - INFO - stsgcl_layers.3.layer.gcms.1.layers.1.layer.bias	torch.Size([128])	cuda:0	True
2023-02-07 02:51:33,098 - INFO - stsgcl_layers.3.layer.gcms.1.layers.2.layer.weight	torch.Size([128, 64])	cuda:0	True
2023-02-07 02:51:33,098 - INFO - stsgcl_layers.3.layer.gcms.1.layers.2.layer.bias	torch.Size([128])	cuda:0	True
2023-02-07 02:51:33,099 - INFO - stsgcl_layers.3.layer.gcms.2.layers.0.layer.weight	torch.Size([128, 64])	cuda:0	True
2023-02-07 02:51:33,099 - INFO - stsgcl_layers.3.layer.gcms.2.layers.0.layer.bias	torch.Size([128])	cuda:0	True
2023-02-07 02:51:33,099 - INFO - stsgcl_layers.3.layer.gcms.2.layers.1.layer.weight	torch.Size([128, 64])	cuda:0	True
2023-02-07 02:51:33,099 - INFO - stsgcl_layers.3.layer.gcms.2.layers.1.layer.bias	torch.Size([128])	cuda:0	True
2023-02-07 02:51:33,099 - INFO - stsgcl_layers.3.layer.gcms.2.layers.2.layer.weight	torch.Size([128, 64])	cuda:0	True
2023-02-07 02:51:33,099 - INFO - stsgcl_layers.3.layer.gcms.2.layers.2.layer.bias	torch.Size([128])	cuda:0	True
2023-02-07 02:51:33,099 - INFO - stsgcl_layers.3.layer.gcms.3.layers.0.layer.weight	torch.Size([128, 64])	cuda:0	True
2023-02-07 02:51:33,099 - INFO - stsgcl_layers.3.layer.gcms.3.layers.0.layer.bias	torch.Size([128])	cuda:0	True
2023-02-07 02:51:33,099 - INFO - stsgcl_layers.3.layer.gcms.3.layers.1.layer.weight	torch.Size([128, 64])	cuda:0	True
2023-02-07 02:51:33,099 - INFO - stsgcl_layers.3.layer.gcms.3.layers.1.layer.bias	torch.Size([128])	cuda:0	True
2023-02-07 02:51:33,099 - INFO - stsgcl_layers.3.layer.gcms.3.layers.2.layer.weight	torch.Size([128, 64])	cuda:0	True
2023-02-07 02:51:33,099 - INFO - stsgcl_layers.3.layer.gcms.3.layers.2.layer.bias	torch.Size([128])	cuda:0	True
2023-02-07 02:51:33,099 - INFO - stsgcl_layers.3.layer.gcms.4.layers.0.layer.weight	torch.Size([128, 64])	cuda:0	True
2023-02-07 02:51:33,099 - INFO - stsgcl_layers.3.layer.gcms.4.layers.0.layer.bias	torch.Size([128])	cuda:0	True
2023-02-07 02:51:33,099 - INFO - stsgcl_layers.3.layer.gcms.4.layers.1.layer.weight	torch.Size([128, 64])	cuda:0	True
2023-02-07 02:51:33,099 - INFO - stsgcl_layers.3.layer.gcms.4.layers.1.layer.bias	torch.Size([128])	cuda:0	True
2023-02-07 02:51:33,099 - INFO - stsgcl_layers.3.layer.gcms.4.layers.2.layer.weight	torch.Size([128, 64])	cuda:0	True
2023-02-07 02:51:33,099 - INFO - stsgcl_layers.3.layer.gcms.4.layers.2.layer.bias	torch.Size([128])	cuda:0	True
2023-02-07 02:51:33,099 - INFO - stsgcl_layers.3.layer.gcms.5.layers.0.layer.weight	torch.Size([128, 64])	cuda:0	True
2023-02-07 02:51:33,099 - INFO - stsgcl_layers.3.layer.gcms.5.layers.0.layer.bias	torch.Size([128])	cuda:0	True
2023-02-07 02:51:33,100 - INFO - stsgcl_layers.3.layer.gcms.5.layers.1.layer.weight	torch.Size([128, 64])	cuda:0	True
2023-02-07 02:51:33,100 - INFO - stsgcl_layers.3.layer.gcms.5.layers.1.layer.bias	torch.Size([128])	cuda:0	True
2023-02-07 02:51:33,100 - INFO - stsgcl_layers.3.layer.gcms.5.layers.2.layer.weight	torch.Size([128, 64])	cuda:0	True
2023-02-07 02:51:33,100 - INFO - stsgcl_layers.3.layer.gcms.5.layers.2.layer.bias	torch.Size([128])	cuda:0	True
2023-02-07 02:51:33,100 - INFO - stsgcl_layers.3.layer.gcms.6.layers.0.layer.weight	torch.Size([128, 64])	cuda:0	True
2023-02-07 02:51:33,100 - INFO - stsgcl_layers.3.layer.gcms.6.layers.0.layer.bias	torch.Size([128])	cuda:0	True
2023-02-07 02:51:33,100 - INFO - stsgcl_layers.3.layer.gcms.6.layers.1.layer.weight	torch.Size([128, 64])	cuda:0	True
2023-02-07 02:51:33,100 - INFO - stsgcl_layers.3.layer.gcms.6.layers.1.layer.bias	torch.Size([128])	cuda:0	True
2023-02-07 02:51:33,100 - INFO - stsgcl_layers.3.layer.gcms.6.layers.2.layer.weight	torch.Size([128, 64])	cuda:0	True
2023-02-07 02:51:33,100 - INFO - stsgcl_layers.3.layer.gcms.6.layers.2.layer.bias	torch.Size([128])	cuda:0	True
2023-02-07 02:51:33,100 - INFO - stsgcl_layers.3.layer.gcms.7.layers.0.layer.weight	torch.Size([128, 64])	cuda:0	True
2023-02-07 02:51:33,100 - INFO - stsgcl_layers.3.layer.gcms.7.layers.0.layer.bias	torch.Size([128])	cuda:0	True
2023-02-07 02:51:33,100 - INFO - stsgcl_layers.3.layer.gcms.7.layers.1.layer.weight	torch.Size([128, 64])	cuda:0	True
2023-02-07 02:51:33,100 - INFO - stsgcl_layers.3.layer.gcms.7.layers.1.layer.bias	torch.Size([128])	cuda:0	True
2023-02-07 02:51:33,100 - INFO - stsgcl_layers.3.layer.gcms.7.layers.2.layer.weight	torch.Size([128, 64])	cuda:0	True
2023-02-07 02:51:33,100 - INFO - stsgcl_layers.3.layer.gcms.7.layers.2.layer.bias	torch.Size([128])	cuda:0	True
2023-02-07 02:51:33,100 - INFO - stsgcl_layers.3.layer.gcms.8.layers.0.layer.weight	torch.Size([128, 64])	cuda:0	True
2023-02-07 02:51:33,100 - INFO - stsgcl_layers.3.layer.gcms.8.layers.0.layer.bias	torch.Size([128])	cuda:0	True
2023-02-07 02:51:33,100 - INFO - stsgcl_layers.3.layer.gcms.8.layers.1.layer.weight	torch.Size([128, 64])	cuda:0	True
2023-02-07 02:51:33,100 - INFO - stsgcl_layers.3.layer.gcms.8.layers.1.layer.bias	torch.Size([128])	cuda:0	True
2023-02-07 02:51:33,100 - INFO - stsgcl_layers.3.layer.gcms.8.layers.2.layer.weight	torch.Size([128, 64])	cuda:0	True
2023-02-07 02:51:33,101 - INFO - stsgcl_layers.3.layer.gcms.8.layers.2.layer.bias	torch.Size([128])	cuda:0	True
2023-02-07 02:51:33,101 - INFO - stsgcl_layers.3.layer.gcms.9.layers.0.layer.weight	torch.Size([128, 64])	cuda:0	True
2023-02-07 02:51:33,101 - INFO - stsgcl_layers.3.layer.gcms.9.layers.0.layer.bias	torch.Size([128])	cuda:0	True
2023-02-07 02:51:33,101 - INFO - stsgcl_layers.3.layer.gcms.9.layers.1.layer.weight	torch.Size([128, 64])	cuda:0	True
2023-02-07 02:51:33,101 - INFO - stsgcl_layers.3.layer.gcms.9.layers.1.layer.bias	torch.Size([128])	cuda:0	True
2023-02-07 02:51:33,101 - INFO - stsgcl_layers.3.layer.gcms.9.layers.2.layer.weight	torch.Size([128, 64])	cuda:0	True
2023-02-07 02:51:33,101 - INFO - stsgcl_layers.3.layer.gcms.9.layers.2.layer.bias	torch.Size([128])	cuda:0	True
2023-02-07 02:51:33,101 - INFO - stsgcl_layers.3.layer.gcms.10.layers.0.layer.weight	torch.Size([128, 64])	cuda:0	True
2023-02-07 02:51:33,101 - INFO - stsgcl_layers.3.layer.gcms.10.layers.0.layer.bias	torch.Size([128])	cuda:0	True
2023-02-07 02:51:33,101 - INFO - stsgcl_layers.3.layer.gcms.10.layers.1.layer.weight	torch.Size([128, 64])	cuda:0	True
2023-02-07 02:51:33,101 - INFO - stsgcl_layers.3.layer.gcms.10.layers.1.layer.bias	torch.Size([128])	cuda:0	True
2023-02-07 02:51:33,101 - INFO - stsgcl_layers.3.layer.gcms.10.layers.2.layer.weight	torch.Size([128, 64])	cuda:0	True
2023-02-07 02:51:33,101 - INFO - stsgcl_layers.3.layer.gcms.10.layers.2.layer.bias	torch.Size([128])	cuda:0	True
2023-02-07 02:51:33,101 - INFO - outputs.0.hidden_layer.weight	torch.Size([128, 704])	cuda:0	True
2023-02-07 02:51:33,101 - INFO - outputs.0.hidden_layer.bias	torch.Size([128])	cuda:0	True
2023-02-07 02:51:33,101 - INFO - outputs.0.ouput_layer.weight	torch.Size([2, 128])	cuda:0	True
2023-02-07 02:51:33,101 - INFO - outputs.0.ouput_layer.bias	torch.Size([2])	cuda:0	True
2023-02-07 02:51:33,102 - INFO - Total parameter numbers: 1525378
2023-02-07 02:51:33,102 - INFO - You select `adam` optimizer.
2023-02-07 02:51:33,104 - WARNING - Received none train loss func and will use the loss func defined in the model.
2023-02-07 02:51:33,104 - INFO - Start training ...
2023-02-07 02:51:33,104 - INFO - num_batches:96
