2023-01-10 09:25:15,387 - INFO - Log directory: ./libcity/log
2023-01-10 09:25:15,389 - INFO - Begin pipeline, task=traffic_state_pred, model_name=AGCRN, dataset_name=NYCBike, exp_id=79948
2023-01-10 09:25:15,389 - INFO - {'task': 'traffic_state_pred', 'model': 'AGCRN', 'dataset': 'NYCBike', 'saved_model': True, 'train': True, 'seed': 0, 'dataset_class': 'TrafficStateGridDataset', 'executor': 'TrafficStateExecutor', 'evaluator': 'TrafficStateEvaluator', 'embed_dim': 10, 'rnn_units': 64, 'num_layers': 2, 'cheb_order': 2, 'bidir_adj_mx': True, 'scaler': 'standard', 'load_external': False, 'normal_external': False, 'ext_scaler': 'none', 'add_time_in_day': False, 'add_day_in_week': False, 'max_epoch': 20, 'learner': 'adam', 'learning_rate': 0.003, 'lr_decay': False, 'clip_grad_norm': False, 'use_early_stop': True, 'patience': 50, 'batch_size': 32, 'cache_dataset': True, 'num_workers': 1, 'pad_with_last_sample': True, 'train_rate': 0.7, 'eval_rate': 0.1, 'input_window': 19, 'output_window': 1, 'use_row_column': True, 'gpu': True, 'gpu_id': 0, 'train_loss': 'none', 'epoch': 0, 'weight_decay': 0, 'lr_epsilon': 1e-08, 'lr_beta1': 0.9, 'lr_beta2': 0.999, 'lr_alpha': 0.99, 'lr_momentum': 0, 'lr_scheduler': 'multisteplr', 'lr_decay_ratio': 0.1, 'steps': [5, 20, 40, 70], 'step_size': 10, 'lr_T_max': 30, 'lr_eta_min': 0, 'lr_patience': 10, 'lr_threshold': 0.0001, 'max_grad_norm': 1.0, 'log_level': 'INFO', 'log_every': 1, 'load_best_epoch': True, 'hyper_tune': False, 'metrics': ['MAE', 'MAPE', 'MSE', 'RMSE', 'masked_MAE', 'masked_MAPE', 'masked_MSE', 'masked_RMSE', 'R2', 'EVAR'], 'evaluator_mode': 'single', 'save_mode': ['csv'], 'geo': {'including_types': ['Polygon'], 'Polygon': {'row_id': 'num', 'column_id': 'num'}}, 'grid': {'including_types': ['state'], 'state': {'row_id': 16, 'column_id': 8, 'new_flow': 'num', 'end_flow': 'num'}}, 'data_col': ['new_flow', 'end_flow'], 'data_files': ['NYCBIKE20140409'], 'geo_file': 'NYCBIKE20140409', 'output_dim': 2, 'time_intervals': 3600, 'init_weight_inf_or_zero': 'inf', 'set_weight_link_or_dist': 'dist', 'calculate_weight_adj': False, 'weight_adj_epsilon': 0.1, 'device': device(type='cuda', index=0), 'exp_id': 79948}
2023-01-10 09:25:15,399 - INFO - Loaded file NYCBIKE20140409.geo, num_grids=128, grid_size=(16, 8)
2023-01-10 09:25:15,400 - INFO - Generate grid rel file, shape=(128, 128)
2023-01-10 09:25:15,400 - INFO - Loading ./libcity/cache/dataset_cache/grid_based_NYCBike_19_1_0.7_0.1_standard_32_False_False_False_True_True.npz
2023-01-10 09:25:15,831 - INFO - train	x: (3061, 19, 16, 8, 2), y: (3061, 1, 16, 8, 2)
2023-01-10 09:25:15,832 - INFO - eval	x: (437, 19, 16, 8, 2), y: (437, 1, 16, 8, 2)
2023-01-10 09:25:15,832 - INFO - test	x: (875, 19, 16, 8, 2), y: (875, 1, 16, 8, 2)
2023-01-10 09:25:15,917 - INFO - StandardScaler mean: 9.23899494542977, std: 18.095629608758927
2023-01-10 09:25:15,917 - INFO - NoneScaler
2023-01-10 09:25:21,062 - INFO - AGCRN(
  (encoder): AVWDCRNN(
    (dcrnn_cells): ModuleList(
      (0): AGCRNCell(
        (gate): AVWGCN()
        (update): AVWGCN()
      )
      (1): AGCRNCell(
        (gate): AVWGCN()
        (update): AVWGCN()
      )
    )
  )
  (end_conv): Conv2d(1, 2, kernel_size=(1, 64), stride=(1, 1))
)
2023-01-10 09:25:21,064 - INFO - node_embeddings	torch.Size([128, 10])	cuda:0	True
2023-01-10 09:25:21,064 - INFO - encoder.dcrnn_cells.0.gate.weights_pool	torch.Size([10, 2, 66, 128])	cuda:0	True
2023-01-10 09:25:21,064 - INFO - encoder.dcrnn_cells.0.gate.bias_pool	torch.Size([10, 128])	cuda:0	True
2023-01-10 09:25:21,064 - INFO - encoder.dcrnn_cells.0.update.weights_pool	torch.Size([10, 2, 66, 64])	cuda:0	True
2023-01-10 09:25:21,064 - INFO - encoder.dcrnn_cells.0.update.bias_pool	torch.Size([10, 64])	cuda:0	True
2023-01-10 09:25:21,064 - INFO - encoder.dcrnn_cells.1.gate.weights_pool	torch.Size([10, 2, 128, 128])	cuda:0	True
2023-01-10 09:25:21,064 - INFO - encoder.dcrnn_cells.1.gate.bias_pool	torch.Size([10, 128])	cuda:0	True
2023-01-10 09:25:21,064 - INFO - encoder.dcrnn_cells.1.update.weights_pool	torch.Size([10, 2, 128, 64])	cuda:0	True
2023-01-10 09:25:21,064 - INFO - encoder.dcrnn_cells.1.update.bias_pool	torch.Size([10, 64])	cuda:0	True
2023-01-10 09:25:21,064 - INFO - end_conv.weight	torch.Size([2, 1, 1, 64])	cuda:0	True
2023-01-10 09:25:21,064 - INFO - end_conv.bias	torch.Size([2])	cuda:0	True
2023-01-10 09:25:21,064 - INFO - Total parameter numbers: 750210
2023-01-10 09:25:21,064 - INFO - You select `adam` optimizer.
2023-01-10 09:25:21,065 - WARNING - Received none train loss func and will use the loss func defined in the model.
2023-01-10 09:25:21,065 - INFO - Start training ...
2023-01-10 09:25:21,065 - INFO - num_batches:96
2023-01-10 09:25:38,134 - INFO - epoch complete!
2023-01-10 09:25:38,135 - INFO - 17.068411111831665
2023-01-10 09:25:38,135 - INFO - evaluating now!
2023-01-10 09:25:39,328 - INFO - Epoch [0/20] train_loss: 8.5458, val_loss: 5.9833, lr: 0.003000, 18.26s
2023-01-10 09:25:39,345 - INFO - Saved model at 0
2023-01-10 09:25:39,345 - INFO - Val loss decrease from inf to 5.9833, saving to ./libcity/cache/79948/model_cache/AGCRN_NYCBike_epoch0.tar
2023-01-10 09:25:56,881 - INFO - epoch complete!
2023-01-10 09:25:56,882 - INFO - 17.535521984100342
2023-01-10 09:25:56,882 - INFO - evaluating now!
2023-01-10 09:25:58,071 - INFO - Epoch [1/20] train_loss: 5.5091, val_loss: 5.2923, lr: 0.003000, 18.73s
2023-01-10 09:25:58,089 - INFO - Saved model at 1
2023-01-10 09:25:58,089 - INFO - Val loss decrease from 5.9833 to 5.2923, saving to ./libcity/cache/79948/model_cache/AGCRN_NYCBike_epoch1.tar
2023-01-10 09:26:15,378 - INFO - epoch complete!
2023-01-10 09:26:15,379 - INFO - 17.287744283676147
2023-01-10 09:26:15,379 - INFO - evaluating now!
2023-01-10 09:26:16,533 - INFO - Epoch [2/20] train_loss: 5.0238, val_loss: 4.9702, lr: 0.003000, 18.44s
2023-01-10 09:26:16,550 - INFO - Saved model at 2
2023-01-10 09:26:16,550 - INFO - Val loss decrease from 5.2923 to 4.9702, saving to ./libcity/cache/79948/model_cache/AGCRN_NYCBike_epoch2.tar
2023-01-10 09:26:33,775 - INFO - epoch complete!
2023-01-10 09:26:33,775 - INFO - 17.22460103034973
2023-01-10 09:26:33,775 - INFO - evaluating now!
2023-01-10 09:26:34,905 - INFO - Epoch [3/20] train_loss: 4.6668, val_loss: 4.5958, lr: 0.003000, 18.35s
2023-01-10 09:26:34,921 - INFO - Saved model at 3
2023-01-10 09:26:34,921 - INFO - Val loss decrease from 4.9702 to 4.5958, saving to ./libcity/cache/79948/model_cache/AGCRN_NYCBike_epoch3.tar
2023-01-10 09:26:52,244 - INFO - epoch complete!
2023-01-10 09:26:52,245 - INFO - 17.322003841400146
2023-01-10 09:26:52,245 - INFO - evaluating now!
2023-01-10 09:26:53,372 - INFO - Epoch [4/20] train_loss: 4.3942, val_loss: 4.4217, lr: 0.003000, 18.45s
2023-01-10 09:26:53,388 - INFO - Saved model at 4
2023-01-10 09:26:53,388 - INFO - Val loss decrease from 4.5958 to 4.4217, saving to ./libcity/cache/79948/model_cache/AGCRN_NYCBike_epoch4.tar
2023-01-10 09:27:11,151 - INFO - epoch complete!
2023-01-10 09:27:11,151 - INFO - 17.762569189071655
2023-01-10 09:27:11,151 - INFO - evaluating now!
2023-01-10 09:27:12,351 - INFO - Epoch [5/20] train_loss: 4.2954, val_loss: 4.3512, lr: 0.003000, 18.96s
2023-01-10 09:27:12,368 - INFO - Saved model at 5
2023-01-10 09:27:12,369 - INFO - Val loss decrease from 4.4217 to 4.3512, saving to ./libcity/cache/79948/model_cache/AGCRN_NYCBike_epoch5.tar
2023-01-10 09:27:29,875 - INFO - epoch complete!
2023-01-10 09:27:29,876 - INFO - 17.506207704544067
2023-01-10 09:27:29,876 - INFO - evaluating now!
2023-01-10 09:27:31,194 - INFO - Epoch [6/20] train_loss: 4.1625, val_loss: 4.2973, lr: 0.003000, 18.82s
2023-01-10 09:27:31,210 - INFO - Saved model at 6
2023-01-10 09:27:31,211 - INFO - Val loss decrease from 4.3512 to 4.2973, saving to ./libcity/cache/79948/model_cache/AGCRN_NYCBike_epoch6.tar
