2023-01-10 08:56:08,994 - INFO - Log directory: ./libcity/log
2023-01-10 08:56:08,995 - INFO - Begin pipeline, task=traffic_state_pred, model_name=STGCN, dataset_name=NYCBike, exp_id=91553
2023-01-10 08:56:08,995 - INFO - {'task': 'traffic_state_pred', 'model': 'STGCN', 'dataset': 'NYCBike', 'saved_model': True, 'train': True, 'seed': 0, 'dataset_class': 'TrafficStateGridDataset', 'executor': 'TrafficStateExecutor', 'evaluator': 'TrafficStateEvaluator', 'Ks': 3, 'Kt': 3, 'blocks': [[1, 32, 64], [64, 32, 128]], 'dropout': 0, 'graph_conv_type': 'chebconv', 'stgcn_train_mode': 'full', 'bidir_adj_mx': True, 'scaler': 'standard', 'load_external': False, 'normal_external': False, 'ext_scaler': 'none', 'add_time_in_day': False, 'add_day_in_week': False, 'max_epoch': 100, 'learner': 'rmsprop', 'learning_rate': 0.001, 'lr_decay': True, 'lr_scheduler': 'steplr', 'lr_decay_ratio': 0.7, 'step_size': 5, 'clip_grad_norm': False, 'use_early_stop': False, 'batch_size': 64, 'cache_dataset': True, 'num_workers': 1, 'pad_with_last_sample': True, 'train_rate': 0.7, 'eval_rate': 0.1, 'input_window': 19, 'output_window': 1, 'use_row_column': True, 'gpu': True, 'gpu_id': 0, 'train_loss': 'none', 'epoch': 0, 'weight_decay': 0, 'lr_epsilon': 1e-08, 'lr_beta1': 0.9, 'lr_beta2': 0.999, 'lr_alpha': 0.99, 'lr_momentum': 0, 'steps': [5, 20, 40, 70], 'lr_T_max': 30, 'lr_eta_min': 0, 'lr_patience': 10, 'lr_threshold': 0.0001, 'max_grad_norm': 1.0, 'patience': 50, 'log_level': 'INFO', 'log_every': 1, 'load_best_epoch': True, 'hyper_tune': False, 'metrics': ['MAE', 'MAPE', 'MSE', 'RMSE', 'masked_MAE', 'masked_MAPE', 'masked_MSE', 'masked_RMSE', 'R2', 'EVAR'], 'evaluator_mode': 'single', 'save_mode': ['csv'], 'geo': {'including_types': ['Polygon'], 'Polygon': {'row_id': 'num', 'column_id': 'num'}}, 'grid': {'including_types': ['state'], 'state': {'row_id': 16, 'column_id': 8, 'new_flow': 'num', 'end_flow': 'num'}}, 'data_col': ['new_flow', 'end_flow'], 'data_files': ['NYCBIKE20140409'], 'geo_file': 'NYCBIKE20140409', 'output_dim': 2, 'time_intervals': 3600, 'init_weight_inf_or_zero': 'inf', 'set_weight_link_or_dist': 'dist', 'calculate_weight_adj': False, 'weight_adj_epsilon': 0.1, 'device': device(type='cuda', index=0), 'exp_id': 91553}
2023-01-10 08:56:09,005 - INFO - Loaded file NYCBIKE20140409.geo, num_grids=128, grid_size=(16, 8)
2023-01-10 08:56:09,006 - INFO - Generate grid rel file, shape=(128, 128)
2023-01-10 08:56:09,006 - INFO - Loading ./libcity/cache/dataset_cache/grid_based_NYCBike_19_1_0.7_0.1_standard_64_False_False_False_True_True.npz
2023-01-10 08:56:09,449 - INFO - train	x: (3061, 19, 16, 8, 2), y: (3061, 1, 16, 8, 2)
2023-01-10 08:56:09,449 - INFO - eval	x: (437, 19, 16, 8, 2), y: (437, 1, 16, 8, 2)
2023-01-10 08:56:09,449 - INFO - test	x: (875, 19, 16, 8, 2), y: (875, 1, 16, 8, 2)
2023-01-10 08:56:09,535 - INFO - StandardScaler mean: 9.23899494542977, std: 18.095629608758927
2023-01-10 08:56:09,535 - INFO - NoneScaler
2023-01-10 08:56:09,845 - INFO - You select full mode to train STGCN model.
2023-01-10 08:56:09,998 - INFO - Chebyshev_polynomial_Lk shape: (3, 128, 128)
2023-01-10 08:56:14,924 - INFO - STGCN(
  (st_conv1): STConvBlock(
    (tconv1): TemporalConvLayer(
      (align): Align()
      (conv): Conv2d(2, 64, kernel_size=(3, 1), stride=(1, 1))
    )
    (sconv): SpatioConvLayer(
      (align): Align()
    )
    (tconv2): TemporalConvLayer(
      (align): Align()
      (conv): Conv2d(32, 64, kernel_size=(3, 1), stride=(1, 1))
    )
    (ln): LayerNorm((128, 64), eps=1e-05, elementwise_affine=True)
    (dropout): Dropout(p=0, inplace=False)
  )
  (st_conv2): STConvBlock(
    (tconv1): TemporalConvLayer(
      (align): Align(
        (conv1x1): Conv2d(64, 32, kernel_size=(1, 1), stride=(1, 1))
      )
      (conv): Conv2d(64, 64, kernel_size=(3, 1), stride=(1, 1))
    )
    (sconv): SpatioConvLayer(
      (align): Align()
    )
    (tconv2): TemporalConvLayer(
      (align): Align()
      (conv): Conv2d(32, 128, kernel_size=(3, 1), stride=(1, 1))
    )
    (ln): LayerNorm((128, 128), eps=1e-05, elementwise_affine=True)
    (dropout): Dropout(p=0, inplace=False)
  )
  (output): OutputLayer(
    (tconv1): TemporalConvLayer(
      (align): Align()
      (conv): Conv2d(128, 256, kernel_size=(11, 1), stride=(1, 1))
    )
    (ln): LayerNorm((128, 128), eps=1e-05, elementwise_affine=True)
    (tconv2): TemporalConvLayer(
      (align): Align()
      (conv): Conv2d(128, 128, kernel_size=(1, 1), stride=(1, 1))
    )
    (fc): FullyConvLayer(
      (conv): Conv2d(128, 2, kernel_size=(1, 1), stride=(1, 1))
    )
  )
)
2023-01-10 08:56:14,925 - INFO - st_conv1.tconv1.conv.weight	torch.Size([64, 2, 3, 1])	cuda:0	True
2023-01-10 08:56:14,925 - INFO - st_conv1.tconv1.conv.bias	torch.Size([64])	cuda:0	True
2023-01-10 08:56:14,925 - INFO - st_conv1.sconv.theta	torch.Size([32, 32, 3])	cuda:0	True
2023-01-10 08:56:14,925 - INFO - st_conv1.sconv.b	torch.Size([1, 32, 1, 1])	cuda:0	True
2023-01-10 08:56:14,925 - INFO - st_conv1.tconv2.conv.weight	torch.Size([64, 32, 3, 1])	cuda:0	True
2023-01-10 08:56:14,925 - INFO - st_conv1.tconv2.conv.bias	torch.Size([64])	cuda:0	True
2023-01-10 08:56:14,925 - INFO - st_conv1.ln.weight	torch.Size([128, 64])	cuda:0	True
2023-01-10 08:56:14,925 - INFO - st_conv1.ln.bias	torch.Size([128, 64])	cuda:0	True
2023-01-10 08:56:14,926 - INFO - st_conv2.tconv1.align.conv1x1.weight	torch.Size([32, 64, 1, 1])	cuda:0	True
2023-01-10 08:56:14,926 - INFO - st_conv2.tconv1.align.conv1x1.bias	torch.Size([32])	cuda:0	True
2023-01-10 08:56:14,926 - INFO - st_conv2.tconv1.conv.weight	torch.Size([64, 64, 3, 1])	cuda:0	True
2023-01-10 08:56:14,926 - INFO - st_conv2.tconv1.conv.bias	torch.Size([64])	cuda:0	True
2023-01-10 08:56:14,926 - INFO - st_conv2.sconv.theta	torch.Size([32, 32, 3])	cuda:0	True
2023-01-10 08:56:14,926 - INFO - st_conv2.sconv.b	torch.Size([1, 32, 1, 1])	cuda:0	True
2023-01-10 08:56:14,926 - INFO - st_conv2.tconv2.conv.weight	torch.Size([128, 32, 3, 1])	cuda:0	True
2023-01-10 08:56:14,926 - INFO - st_conv2.tconv2.conv.bias	torch.Size([128])	cuda:0	True
2023-01-10 08:56:14,926 - INFO - st_conv2.ln.weight	torch.Size([128, 128])	cuda:0	True
2023-01-10 08:56:14,926 - INFO - st_conv2.ln.bias	torch.Size([128, 128])	cuda:0	True
2023-01-10 08:56:14,926 - INFO - output.tconv1.conv.weight	torch.Size([256, 128, 11, 1])	cuda:0	True
2023-01-10 08:56:14,926 - INFO - output.tconv1.conv.bias	torch.Size([256])	cuda:0	True
2023-01-10 08:56:14,926 - INFO - output.ln.weight	torch.Size([128, 128])	cuda:0	True
2023-01-10 08:56:14,926 - INFO - output.ln.bias	torch.Size([128, 128])	cuda:0	True
2023-01-10 08:56:14,926 - INFO - output.tconv2.conv.weight	torch.Size([128, 128, 1, 1])	cuda:0	True
2023-01-10 08:56:14,926 - INFO - output.tconv2.conv.bias	torch.Size([128])	cuda:0	True
2023-01-10 08:56:14,926 - INFO - output.fc.conv.weight	torch.Size([2, 128, 1, 1])	cuda:0	True
2023-01-10 08:56:14,926 - INFO - output.fc.conv.bias	torch.Size([2])	cuda:0	True
2023-01-10 08:56:14,926 - INFO - Total parameter numbers: 499106
2023-01-10 08:56:14,927 - INFO - You select `rmsprop` optimizer.
2023-01-10 08:56:14,927 - INFO - You select `steplr` lr_scheduler.
2023-01-10 08:56:14,927 - WARNING - Received none train loss func and will use the loss func defined in the model.
2023-01-10 08:56:14,927 - INFO - Start training ...
2023-01-10 08:56:14,927 - INFO - num_batches:48
2023-01-10 08:56:16,427 - INFO - epoch complete!
2023-01-10 08:56:16,428 - INFO - 1.4992916584014893
2023-01-10 08:56:16,428 - INFO - evaluating now!
2023-01-10 08:56:16,693 - INFO - Epoch [0/100] train_loss: 133.0861, val_loss: 102.1599, lr: 0.001000, 1.77s
2023-01-10 08:56:16,705 - INFO - Saved model at 0
2023-01-10 08:56:16,705 - INFO - Val loss decrease from inf to 102.1599, saving to ./libcity/cache/91553/model_cache/STGCN_NYCBike_epoch0.tar
2023-01-10 08:56:18,110 - INFO - epoch complete!
2023-01-10 08:56:18,111 - INFO - 1.4048569202423096
2023-01-10 08:56:18,111 - INFO - evaluating now!
2023-01-10 08:56:18,369 - INFO - Epoch [1/100] train_loss: 59.0132, val_loss: 46.2146, lr: 0.001000, 1.66s
2023-01-10 08:56:18,384 - INFO - Saved model at 1
2023-01-10 08:56:18,384 - INFO - Val loss decrease from 102.1599 to 46.2146, saving to ./libcity/cache/91553/model_cache/STGCN_NYCBike_epoch1.tar
2023-01-10 08:56:19,793 - INFO - epoch complete!
2023-01-10 08:56:19,794 - INFO - 1.4081146717071533
2023-01-10 08:56:19,794 - INFO - evaluating now!
2023-01-10 08:56:20,059 - INFO - Epoch [2/100] train_loss: 44.7457, val_loss: 40.6671, lr: 0.001000, 1.67s
2023-01-10 08:56:20,073 - INFO - Saved model at 2
2023-01-10 08:56:20,073 - INFO - Val loss decrease from 46.2146 to 40.6671, saving to ./libcity/cache/91553/model_cache/STGCN_NYCBike_epoch2.tar
2023-01-10 08:56:21,487 - INFO - epoch complete!
2023-01-10 08:56:21,487 - INFO - 1.4133048057556152
2023-01-10 08:56:21,487 - INFO - evaluating now!
2023-01-10 08:56:21,751 - INFO - Epoch [3/100] train_loss: 39.5434, val_loss: 38.1936, lr: 0.001000, 1.68s
2023-01-10 08:56:21,763 - INFO - Saved model at 3
2023-01-10 08:56:21,763 - INFO - Val loss decrease from 40.6671 to 38.1936, saving to ./libcity/cache/91553/model_cache/STGCN_NYCBike_epoch3.tar
2023-01-10 08:56:23,195 - INFO - epoch complete!
2023-01-10 08:56:23,196 - INFO - 1.4319894313812256
2023-01-10 08:56:23,196 - INFO - evaluating now!
2023-01-10 08:56:23,462 - INFO - Epoch [4/100] train_loss: 35.5802, val_loss: 37.3982, lr: 0.000700, 1.70s
2023-01-10 08:56:23,475 - INFO - Saved model at 4
2023-01-10 08:56:23,475 - INFO - Val loss decrease from 38.1936 to 37.3982, saving to ./libcity/cache/91553/model_cache/STGCN_NYCBike_epoch4.tar
2023-01-10 08:56:24,871 - INFO - epoch complete!
2023-01-10 08:56:24,872 - INFO - 1.3956329822540283
2023-01-10 08:56:24,872 - INFO - evaluating now!
2023-01-10 08:56:25,137 - INFO - Epoch [5/100] train_loss: 29.8631, val_loss: 37.5553, lr: 0.000700, 1.66s
2023-01-10 08:56:26,560 - INFO - epoch complete!
2023-01-10 08:56:26,560 - INFO - 1.4215404987335205
2023-01-10 08:56:26,560 - INFO - evaluating now!
2023-01-10 08:56:26,833 - INFO - Epoch [6/100] train_loss: 29.6541, val_loss: 30.2068, lr: 0.000700, 1.70s
2023-01-10 08:56:26,845 - INFO - Saved model at 6
2023-01-10 08:56:26,845 - INFO - Val loss decrease from 37.3982 to 30.2068, saving to ./libcity/cache/91553/model_cache/STGCN_NYCBike_epoch6.tar
2023-01-10 08:56:28,265 - INFO - epoch complete!
2023-01-10 08:56:28,266 - INFO - 1.4187512397766113
2023-01-10 08:56:28,266 - INFO - evaluating now!
