2023-01-10 08:03:43,174 - INFO - Log directory: ./libcity/log
2023-01-10 08:03:43,175 - INFO - Begin pipeline, task=traffic_state_pred, model_name=STGCN, dataset_name=SZ_TAXI, exp_id=93746
2023-01-10 08:03:43,175 - INFO - {'task': 'traffic_state_pred', 'model': 'STGCN', 'dataset': 'SZ_TAXI', 'saved_model': True, 'train': True, 'seed': 0, 'dataset_class': 'TrafficStatePointDataset', 'executor': 'TrafficStateExecutor', 'evaluator': 'TrafficStateEvaluator', 'Ks': 3, 'Kt': 3, 'blocks': [[1, 32, 64], [64, 32, 128]], 'dropout': 0, 'graph_conv_type': 'chebconv', 'stgcn_train_mode': 'quick', 'bidir_adj_mx': True, 'scaler': 'standard', 'load_external': False, 'normal_external': False, 'ext_scaler': 'none', 'add_time_in_day': False, 'add_day_in_week': False, 'max_epoch': 100, 'learner': 'rmsprop', 'learning_rate': 0.001, 'lr_decay': True, 'lr_scheduler': 'steplr', 'lr_decay_ratio': 0.7, 'step_size': 5, 'clip_grad_norm': False, 'use_early_stop': False, 'batch_size': 64, 'cache_dataset': True, 'num_workers': 0, 'pad_with_last_sample': True, 'train_rate': 0.7, 'eval_rate': 0.1, 'input_window': 12, 'output_window': 12, 'gpu': True, 'gpu_id': 0, 'train_loss': 'none', 'epoch': 0, 'weight_decay': 0, 'lr_epsilon': 1e-08, 'lr_beta1': 0.9, 'lr_beta2': 0.999, 'lr_alpha': 0.99, 'lr_momentum': 0, 'steps': [5, 20, 40, 70], 'lr_T_max': 30, 'lr_eta_min': 0, 'lr_patience': 10, 'lr_threshold': 0.0001, 'max_grad_norm': 1.0, 'patience': 50, 'log_level': 'INFO', 'log_every': 1, 'load_best_epoch': True, 'hyper_tune': False, 'metrics': ['MAE', 'MAPE', 'MSE', 'RMSE', 'masked_MAE', 'masked_MAPE', 'masked_MSE', 'masked_RMSE', 'R2', 'EVAR'], 'evaluator_mode': 'single', 'save_mode': ['csv'], 'geo': {'including_types': ['LineString'], 'LineString': {}}, 'rel': {'including_types': ['geo'], 'geo': {'link_weight': 'num'}}, 'dyna': {'including_types': ['state'], 'state': {'entity_id': 'geo_id', 'traffic_speed': 'num'}}, 'data_col': ['traffic_speed'], 'weight_col': 'link_weight', 'data_files': ['SZ_TAXI'], 'geo_file': 'SZ_TAXI', 'rel_file': 'SZ_TAXI', 'output_dim': 1, 'time_intervals': 900, 'init_weight_inf_or_zero': 'inf', 'set_weight_link_or_dist': 'dist', 'calculate_weight_adj': False, 'weight_adj_epsilon': 0.1, 'device': device(type='cuda', index=0), 'exp_id': 93746}
2023-01-10 08:03:43,184 - INFO - Loaded file SZ_TAXI.geo, num_nodes=156
2023-01-10 08:03:43,193 - INFO - set_weight_link_or_dist: dist
2023-01-10 08:03:43,193 - INFO - init_weight_inf_or_zero: inf
2023-01-10 08:03:43,252 - INFO - Loaded file SZ_TAXI.rel, shape=(156, 156)
2023-01-10 08:03:43,252 - INFO - Loading ./libcity/cache/dataset_cache/point_based_SZ_TAXI_12_12_0.7_0.1_standard_64_False_False_False_True.npz
2023-01-10 08:03:43,396 - INFO - train	x: (2067, 12, 156, 1), y: (2067, 12, 156, 1)
2023-01-10 08:03:43,396 - INFO - eval	x: (295, 12, 156, 1), y: (295, 12, 156, 1)
2023-01-10 08:03:43,396 - INFO - test	x: (591, 12, 156, 1), y: (591, 12, 156, 1)
2023-01-10 08:03:43,419 - INFO - StandardScaler mean: 13.170366931437767, std: 13.521559793261991
2023-01-10 08:03:43,419 - INFO - NoneScaler
2023-01-10 08:03:43,705 - INFO - You select quick mode to train STGCN model.
2023-01-10 08:03:43,859 - INFO - Chebyshev_polynomial_Lk shape: (3, 156, 156)
2023-01-10 08:03:48,839 - INFO - STGCN(
  (st_conv1): STConvBlock(
    (tconv1): TemporalConvLayer(
      (align): Align()
      (conv): Conv2d(1, 64, kernel_size=(3, 1), stride=(1, 1))
    )
    (sconv): SpatioConvLayer(
      (align): Align()
    )
    (tconv2): TemporalConvLayer(
      (align): Align()
      (conv): Conv2d(32, 64, kernel_size=(3, 1), stride=(1, 1))
    )
    (ln): LayerNorm((156, 64), eps=1e-05, elementwise_affine=True)
    (dropout): Dropout(p=0, inplace=False)
  )
  (st_conv2): STConvBlock(
    (tconv1): TemporalConvLayer(
      (align): Align(
        (conv1x1): Conv2d(64, 32, kernel_size=(1, 1), stride=(1, 1))
      )
      (conv): Conv2d(64, 64, kernel_size=(3, 1), stride=(1, 1))
    )
    (sconv): SpatioConvLayer(
      (align): Align()
    )
    (tconv2): TemporalConvLayer(
      (align): Align()
      (conv): Conv2d(32, 128, kernel_size=(3, 1), stride=(1, 1))
    )
    (ln): LayerNorm((156, 128), eps=1e-05, elementwise_affine=True)
    (dropout): Dropout(p=0, inplace=False)
  )
  (output): OutputLayer(
    (tconv1): TemporalConvLayer(
      (align): Align()
      (conv): Conv2d(128, 256, kernel_size=(4, 1), stride=(1, 1))
    )
    (ln): LayerNorm((156, 128), eps=1e-05, elementwise_affine=True)
    (tconv2): TemporalConvLayer(
      (align): Align()
      (conv): Conv2d(128, 128, kernel_size=(1, 1), stride=(1, 1))
    )
    (fc): FullyConvLayer(
      (conv): Conv2d(128, 1, kernel_size=(1, 1), stride=(1, 1))
    )
  )
)
2023-01-10 08:03:48,840 - INFO - st_conv1.tconv1.conv.weight	torch.Size([64, 1, 3, 1])	cuda:0	True
2023-01-10 08:03:48,840 - INFO - st_conv1.tconv1.conv.bias	torch.Size([64])	cuda:0	True
2023-01-10 08:03:48,840 - INFO - st_conv1.sconv.theta	torch.Size([32, 32, 3])	cuda:0	True
2023-01-10 08:03:48,840 - INFO - st_conv1.sconv.b	torch.Size([1, 32, 1, 1])	cuda:0	True
2023-01-10 08:03:48,840 - INFO - st_conv1.tconv2.conv.weight	torch.Size([64, 32, 3, 1])	cuda:0	True
2023-01-10 08:03:48,840 - INFO - st_conv1.tconv2.conv.bias	torch.Size([64])	cuda:0	True
2023-01-10 08:03:48,840 - INFO - st_conv1.ln.weight	torch.Size([156, 64])	cuda:0	True
2023-01-10 08:03:48,840 - INFO - st_conv1.ln.bias	torch.Size([156, 64])	cuda:0	True
2023-01-10 08:03:48,841 - INFO - st_conv2.tconv1.align.conv1x1.weight	torch.Size([32, 64, 1, 1])	cuda:0	True
2023-01-10 08:03:48,841 - INFO - st_conv2.tconv1.align.conv1x1.bias	torch.Size([32])	cuda:0	True
2023-01-10 08:03:48,841 - INFO - st_conv2.tconv1.conv.weight	torch.Size([64, 64, 3, 1])	cuda:0	True
2023-01-10 08:03:48,841 - INFO - st_conv2.tconv1.conv.bias	torch.Size([64])	cuda:0	True
2023-01-10 08:03:48,841 - INFO - st_conv2.sconv.theta	torch.Size([32, 32, 3])	cuda:0	True
2023-01-10 08:03:48,841 - INFO - st_conv2.sconv.b	torch.Size([1, 32, 1, 1])	cuda:0	True
2023-01-10 08:03:48,841 - INFO - st_conv2.tconv2.conv.weight	torch.Size([128, 32, 3, 1])	cuda:0	True
2023-01-10 08:03:48,841 - INFO - st_conv2.tconv2.conv.bias	torch.Size([128])	cuda:0	True
2023-01-10 08:03:48,841 - INFO - st_conv2.ln.weight	torch.Size([156, 128])	cuda:0	True
2023-01-10 08:03:48,841 - INFO - st_conv2.ln.bias	torch.Size([156, 128])	cuda:0	True
2023-01-10 08:03:48,841 - INFO - output.tconv1.conv.weight	torch.Size([256, 128, 4, 1])	cuda:0	True
2023-01-10 08:03:48,841 - INFO - output.tconv1.conv.bias	torch.Size([256])	cuda:0	True
2023-01-10 08:03:48,841 - INFO - output.ln.weight	torch.Size([156, 128])	cuda:0	True
2023-01-10 08:03:48,841 - INFO - output.ln.bias	torch.Size([156, 128])	cuda:0	True
2023-01-10 08:03:48,841 - INFO - output.tconv2.conv.weight	torch.Size([128, 128, 1, 1])	cuda:0	True
2023-01-10 08:03:48,842 - INFO - output.tconv2.conv.bias	torch.Size([128])	cuda:0	True
2023-01-10 08:03:48,842 - INFO - output.fc.conv.weight	torch.Size([1, 128, 1, 1])	cuda:0	True
2023-01-10 08:03:48,842 - INFO - output.fc.conv.bias	torch.Size([1])	cuda:0	True
2023-01-10 08:03:48,842 - INFO - Total parameter numbers: 287329
2023-01-10 08:03:48,842 - INFO - You select `rmsprop` optimizer.
2023-01-10 08:03:48,842 - INFO - You select `steplr` lr_scheduler.
2023-01-10 08:03:48,842 - WARNING - Received none train loss func and will use the loss func defined in the model.
2023-01-10 08:03:48,842 - INFO - Start training ...
2023-01-10 08:03:48,842 - INFO - num_batches:33
2023-01-10 08:03:49,585 - INFO - epoch complete!
2023-01-10 08:03:49,585 - INFO - evaluating now!
2023-01-10 08:03:49,832 - INFO - Epoch [0/100] train_loss: 68.0898, val_loss: 22.1705, lr: 0.001000, 0.99s
2023-01-10 08:03:49,843 - INFO - Saved model at 0
2023-01-10 08:03:49,843 - INFO - Val loss decrease from inf to 22.1705, saving to ./libcity/cache/93746/model_cache/STGCN_SZ_TAXI_epoch0.tar
2023-01-10 08:03:50,458 - INFO - epoch complete!
2023-01-10 08:03:50,459 - INFO - evaluating now!
2023-01-10 08:03:50,731 - INFO - Epoch [1/100] train_loss: 37.0964, val_loss: 19.2833, lr: 0.001000, 0.89s
2023-01-10 08:03:50,739 - INFO - Saved model at 1
2023-01-10 08:03:50,739 - INFO - Val loss decrease from 22.1705 to 19.2833, saving to ./libcity/cache/93746/model_cache/STGCN_SZ_TAXI_epoch1.tar
2023-01-10 08:03:51,349 - INFO - epoch complete!
2023-01-10 08:03:51,349 - INFO - evaluating now!
2023-01-10 08:03:51,625 - INFO - Epoch [2/100] train_loss: 37.0630, val_loss: 27.4187, lr: 0.001000, 0.89s
2023-01-10 08:03:52,252 - INFO - epoch complete!
2023-01-10 08:03:52,252 - INFO - evaluating now!
2023-01-10 08:03:52,534 - INFO - Epoch [3/100] train_loss: 35.9691, val_loss: 20.3183, lr: 0.001000, 0.91s
2023-01-10 08:03:53,147 - INFO - epoch complete!
2023-01-10 08:03:53,148 - INFO - evaluating now!
2023-01-10 08:03:53,395 - INFO - Epoch [4/100] train_loss: 35.0609, val_loss: 21.9228, lr: 0.000700, 0.86s
2023-01-10 08:03:54,005 - INFO - epoch complete!
2023-01-10 08:03:54,006 - INFO - evaluating now!
2023-01-10 08:03:54,242 - INFO - Epoch [5/100] train_loss: 33.4774, val_loss: 18.4507, lr: 0.000700, 0.85s
2023-01-10 08:03:54,250 - INFO - Saved model at 5
2023-01-10 08:03:54,250 - INFO - Val loss decrease from 19.2833 to 18.4507, saving to ./libcity/cache/93746/model_cache/STGCN_SZ_TAXI_epoch5.tar
2023-01-10 08:03:54,852 - INFO - epoch complete!
2023-01-10 08:03:54,852 - INFO - evaluating now!
2023-01-10 08:03:55,094 - INFO - Epoch [6/100] train_loss: 33.7977, val_loss: 16.4206, lr: 0.000700, 0.84s
2023-01-10 08:03:55,102 - INFO - Saved model at 6
2023-01-10 08:03:55,102 - INFO - Val loss decrease from 18.4507 to 16.4206, saving to ./libcity/cache/93746/model_cache/STGCN_SZ_TAXI_epoch6.tar
2023-01-10 08:03:55,704 - INFO - epoch complete!
2023-01-10 08:03:55,705 - INFO - evaluating now!
2023-01-10 08:03:55,955 - INFO - Epoch [7/100] train_loss: 34.0950, val_loss: 17.5587, lr: 0.000700, 0.85s
